05/08/2017 02:46:49 PM Start of the test
05/08/2017 02:46:51 PM the selected test from the user is : exampleTestWithRegistration.csv
05/08/2017 02:46:51 PM init the test definition by the test steps sent from the user
05/08/2017 02:46:51 PM  * Running on http://127.0.0.1:5000/ (Press CTRL+C to quit)
05/08/2017 02:47:18 PM sent flask request to engine
05/08/2017 02:47:18 PM ENodeB sent request to engine from server
05/08/2017 02:47:18 PM compare between  requested json to expected json
05/08/2017 02:47:18 PM return heart beat part of json from engine to the eNodeB
05/08/2017 02:47:18 PM response in flask OrderedDict([(u'heartbeatResponse', [OrderedDict([(u'cbsdId', u'1234567890123456789cbsdSerialNumber123'), (u'error', OrderedDict([(u'errorCode', 0)])), (u'grantId', u'8385094448610395450'), (u'operationStatusReq', True), (u'transmitExpireTime', u'2017-05-28T23:20:08Z'), (u'heartbeatDuration', 60.0)])])])
05/08/2017 02:47:18 PM 127.0.0.1 - - [08/May/2017 14:47:18] "POST /cbsd/heartbeat/ HTTP/1.1" 200 -
05/08/2017 02:47:22 PM sent flask request to engine
05/08/2017 02:47:22 PM ENodeB sent request to engine from server
05/08/2017 02:47:22 PM compare between  requested json to expected json
05/08/2017 02:47:22 PM return heart beat part of json from engine to the eNodeB
05/08/2017 02:47:22 PM response in flask OrderedDict([(u'heartbeatResponse', [OrderedDict([(u'cbsdId', u'1234567890123456789cbsdSerialNumber123'), (u'error', OrderedDict([(u'errorCode', 0)])), (u'grantId', u'8385094448610395450'), (u'operationStatusReq', True), (u'transmitExpireTime', u'2017-05-28T23:20:08Z'), (u'heartbeatDuration', 60.0)])])])
05/08/2017 02:47:22 PM 127.0.0.1 - - [08/May/2017 14:47:22] "POST /cbsd/heartbeat/ HTTP/1.1" 200 -
05/08/2017 02:47:22 PM sent flask request to engine
05/08/2017 02:47:22 PM ENodeB sent request to engine from server
05/08/2017 02:47:22 PM compare between  requested json to expected json
05/08/2017 02:47:22 PM return heart beat part of json from engine to the eNodeB
05/08/2017 02:47:22 PM response in flask OrderedDict([(u'heartbeatResponse', [OrderedDict([(u'cbsdId', u'1234567890123456789cbsdSerialNumber123'), (u'error', OrderedDict([(u'errorCode', 0)])), (u'grantId', u'8385094448610395450'), (u'operationStatusReq', True), (u'transmitExpireTime', u'2017-05-28T23:20:08Z'), (u'heartbeatDuration', 60.0)])])])
05/08/2017 02:47:22 PM 127.0.0.1 - - [08/May/2017 14:47:22] "POST /cbsd/heartbeat/ HTTP/1.1" 200 -
05/08/2017 02:47:41 PM sent flask request to engine
05/08/2017 02:47:41 PM ENodeB sent request to engine from server
05/08/2017 02:47:41 PM compare between  requested json to expected json
05/08/2017 02:47:41 PM return heart beat part of json from engine to the eNodeB
05/08/2017 02:47:41 PM response in flask OrderedDict([(u'heartbeatResponse', [OrderedDict([(u'cbsdId', u'1234567890123456789cbsdSerialNumber123'), (u'error', OrderedDict([(u'errorCode', 0)])), (u'grantId', u'8385094448610395450'), (u'operationStatusReq', True), (u'transmitExpireTime', u'2017-05-28T23:20:08Z'), (u'heartbeatDuration', 60.0)])])])
05/08/2017 02:47:41 PM 127.0.0.1 - - [08/May/2017 14:47:41] "POST /cbsd/heartbeat/ HTTP/1.1" 200 -
