05/08/2017 12:14:09 PM Start of the test
05/08/2017 12:14:16 PM the selecte test from the user is : exampleTest.csv
05/08/2017 12:14:16 PM init the test definition by the test steps sent from the user
05/08/2017 12:14:16 PM  * Running on http://127.0.0.1:5000/ (Press CTRL+C to quit)
05/08/2017 12:14:22 PM sent flask request to engine
05/08/2017 12:14:22 PM ENodeB sent request to engine from server
05/08/2017 12:14:22 PM compare between  requested json to expected json
05/08/2017 12:14:22 PM return heart beat part of json from engine to the eNodeB
05/08/2017 12:14:22 PM response in flask OrderedDict([(u'heartbeatResponse', [OrderedDict([(u'cbsdId', u'1234567890123456789cbsdSerialNumber123'), (u'error', OrderedDict([(u'errorCode', 0)])), (u'grantId', u'8385094448610395450'), (u'operationStatusReq', True), (u'transmitExpireTime', u'2017-05-28T23:20:08Z'), (u'heartbeatDuration', 60.0)])])])
05/08/2017 12:14:22 PM 127.0.0.1 - - [08/May/2017 12:14:22] "POST /cbsd/heartbeat/ HTTP/1.1" 200 -
05/08/2017 12:14:28 PM sent flask request to engine
05/08/2017 12:14:28 PM ENodeB sent request to engine from server
05/08/2017 12:14:28 PM compare between  requested json to expected json
05/08/2017 12:14:28 PM (False, 

Reason: Length Mismatch: Expected Length: 4, Actual Length: 6
Expected:
  {
      "cbsdId": "1234567890123456789cbsdSerialNumber123", 
      "grantId": "8385094448610395450", 
      "grantRenew": false, 
      "operationState": "Granted"
  }
Actual:
  {
      "cbsdId": "1234567890123456789cbsdSerialNumber123", 
      "grantId": "8385094448610395450", 
      "grantRenew": false, 
      "operationParam": {
          "operationFrequencyRange": {
              "highFrequency": 3580000000, 
              "lowFrequency": 3560000000
          }, 
          "peakPower": 2986.9897000433602
      }, 
      "operationState": "Transmission", 
      "sensingCapability": [
          "type"
      ]
  }

Reason: Different values (Check order)
Expected:
  {
      "cbsdId": "1234567890123456789cbsdSerialNumber123", 
      "grantId": "8385094448610395450", 
      "grantRenew": false, 
      "operationState": "Granted"
  }
Actual:
  {
      "cbsdId": "1234567890123456789cbsdSerialNumber123", 
      "grantId": "8385094448610395450", 
      "grantRenew": false, 
      "operationParam": {
          "operationFrequencyRange": {
              "highFrequency": 3580000000, 
              "lowFrequency": 3560000000
          }, 
          "peakPower": 2986.9897000433602
      }, 
      "operationState": "Transmission", 
      "sensingCapability": [
          "type"
      ]
  })
05/08/2017 12:14:28 PM response in flask An Error occurred while comparing between actual and expected request
05/08/2017 12:14:28 PM 127.0.0.1 - - [08/May/2017 12:14:28] "POST /cbsd/heartbeat/ HTTP/1.1" 302 -
05/08/2017 12:14:28 PM 127.0.0.1 - - [08/May/2017 12:14:28] "GET /shutdown?validationMessage=An+Error+occurred+while+comparing+between+actual+and+expected+request HTTP/1.1" 400 -
05/08/2017 12:14:28 PM Session user will now close
05/08/2017 12:14:28 PM Session user will now close
05/08/2017 12:14:28 PM An Error occurred while comparing between actual and expected request
