05/08/2017 03:24:12 PM Start of the test
05/08/2017 03:24:20 PM the selected test from the user is : exampleTestWithRegistration.csv
05/08/2017 03:24:20 PM init the test definition by the test steps sent from the user
05/08/2017 03:24:21 PM  * Running on http://70.14.0.72:5000/ (Press CTRL+C to quit)
05/08/2017 03:24:51 PM sent flask request to engine
05/08/2017 03:24:51 PM ENodeB sent request to engine from server
05/08/2017 03:24:51 PM compare between  requested json to expected json
05/08/2017 03:24:51 PM response in flask OrderedDict([(u'registrationResponse', [OrderedDict([(u'cbsdId', u'1234567890123456789cbsdSerialNumber123'), (u'error', OrderedDict([(u'errorCode', 0)]))])])])
05/08/2017 03:24:51 PM 70.14.0.218 - - [08/May/2017 15:24:51] "POST /cbsd/registration/ HTTP/1.1" 200 -
05/08/2017 03:24:51 PM sent flask request to engine
05/08/2017 03:24:51 PM ENodeB sent request to engine from server
05/08/2017 03:24:51 PM compare between  requested json to expected json
05/08/2017 03:24:51 PM response in flask OrderedDict([(u'spectrumInquiryResponse', [OrderedDict([(u'cbsdId', u'1234567890123456789cbsdSerialNumber123'), (u'error', OrderedDict([(u'errorCode', 0)])), (u'availableChannel', [OrderedDict([(u'frequencyRange', OrderedDict([(u'lowFrequency', 3550000000L), (u'highFrequency', 3600000000L)])), (u'channelType', u'PAL'), (u'ruleApplied', u'FCC Part 96')])])])])])
05/08/2017 03:24:51 PM 70.14.0.218 - - [08/May/2017 15:24:51] "POST /cbsd/spectrumInquiry/ HTTP/1.1" 200 -
05/08/2017 03:24:51 PM sent flask request to engine
05/08/2017 03:24:51 PM ENodeB sent request to engine from server
05/08/2017 03:24:51 PM compare between  requested json to expected json
05/08/2017 03:24:51 PM response in flask OrderedDict([(u'grantResponse', [OrderedDict([(u'cbsdId', u'1234567890123456789cbsdSerialNumber123'), (u'error', OrderedDict([(u'errorCode', 0)])), (u'grantId', u'8385094448610395450'), (u'grantExpireTime', u'2017-05-28T23:20:08Z'), (u'heartbeatDuration', 60.0)])])])
05/08/2017 03:24:51 PM 70.14.0.218 - - [08/May/2017 15:24:51] "POST /cbsd/grant/ HTTP/1.1" 200 -
05/08/2017 03:24:51 PM sent flask request to engine
05/08/2017 03:24:51 PM ENodeB sent request to engine from server
05/08/2017 03:24:51 PM compare between  requested json to expected json
05/08/2017 03:24:51 PM return heart beat part of json from engine to the eNodeB
05/08/2017 03:24:51 PM response in flask OrderedDict([(u'heartbeatResponse', [OrderedDict([(u'cbsdId', u'1234567890123456789cbsdSerialNumber123'), (u'error', OrderedDict([(u'errorCode', 0)])), (u'grantId', u'8385094448610395450'), (u'operationStatusReq', True), (u'transmitExpireTime', u'2017-05-28T23:20:08Z'), (u'heartbeatDuration', 60.0)])])])
05/08/2017 03:24:51 PM 70.14.0.218 - - [08/May/2017 15:24:51] "POST /cbsd/heartbeat/ HTTP/1.1" 200 -
05/08/2017 03:25:51 PM sent flask request to engine
05/08/2017 03:25:51 PM ENodeB sent request to engine from server
05/08/2017 03:25:51 PM compare between  requested json to expected json
05/08/2017 03:25:51 PM return heart beat part of json from engine to the eNodeB
05/08/2017 03:25:51 PM response in flask OrderedDict([(u'heartbeatResponse', [OrderedDict([(u'cbsdId', u'1234567890123456789cbsdSerialNumber123'), (u'error', OrderedDict([(u'errorCode', 0)])), (u'grantId', u'8385094448610395450'), (u'operationStatusReq', True), (u'transmitExpireTime', u'2017-05-28T23:20:08Z'), (u'heartbeatDuration', 60.0)])])])
05/08/2017 03:25:51 PM 70.14.0.218 - - [08/May/2017 15:25:51] "POST /cbsd/heartbeat/ HTTP/1.1" 200 -
