05/08/2017 02:14:09 PM Start of the test
05/08/2017 02:14:11 PM the selected test from the user is : exampleTestWithRegistration.csv
05/08/2017 02:14:11 PM init the test definition by the test steps sent from the user
05/08/2017 02:14:11 PM  * Running on http://127.0.0.1:5000/ (Press CTRL+C to quit)
05/08/2017 02:14:13 PM sent flask request to engine
05/08/2017 02:14:13 PM ENodeB sent request to engine from server
05/08/2017 02:14:13 PM compare between  requested json to expected json
05/08/2017 02:14:13 PM arrived to nstep starting question answer session with the technician
05/08/2017 02:14:13 PM response in flask OrderedDict([(u'registrationResponse', [OrderedDict([(u'cbsdId', u'1234567890123456789cbsdSerialNumber123'), (u'error', OrderedDict([(u'errorCode', 0)]))])])])
05/08/2017 02:14:13 PM 127.0.0.1 - - [08/May/2017 14:14:13] "POST /cbsd/registration/ HTTP/1.1" 200 -
05/08/2017 02:14:15 PM hey the question is : Please check eNodeB something please choose one of the answers :
05/08/2017 02:14:15 PM x happened
05/08/2017 02:14:15 PM y happened
05/08/2017 02:14:16 PM hey the question is : Please check eNodeB something - secondQuest please choose one of the answers :
05/08/2017 02:14:16 PM x happened
05/08/2017 02:14:16 PM y happened
05/08/2017 02:14:17 PM the additional comments for the current test are : 
05/08/2017 02:14:18 PM selected answer from the user is : c
05/08/2017 02:14:18 PM The final result of the test is : False
05/08/2017 02:14:18 PM the additional comments for the current test are : c
05/08/2017 02:14:18 PM The final result of the test is : [False, 'c']
05/08/2017 02:14:20 PM the selected test from the user is : exampleTestWithRegistration.csv
05/08/2017 02:14:20 PM init the test definition by the test steps sent from the user
05/08/2017 02:14:20 PM  * Running on http://127.0.0.1:5000/ (Press CTRL+C to quit)
05/08/2017 02:14:24 PM sent flask request to engine
05/08/2017 02:14:24 PM ENodeB sent request to engine from server
05/08/2017 02:14:24 PM compare between  requested json to expected json
05/08/2017 02:14:24 PM arrived to nstep starting question answer session with the technician
05/08/2017 02:14:24 PM response in flask OrderedDict([(u'registrationResponse', [OrderedDict([(u'cbsdId', u'1234567890123456789cbsdSerialNumber123'), (u'error', OrderedDict([(u'errorCode', 0)]))])])])
05/08/2017 02:14:24 PM 127.0.0.1 - - [08/May/2017 14:14:24] "POST /cbsd/registration/ HTTP/1.1" 200 -
05/08/2017 02:14:26 PM hey the question is : Please check eNodeB something please choose one of the answers :
05/08/2017 02:14:26 PM x happened
05/08/2017 02:14:26 PM y happened
05/08/2017 02:14:28 PM hey the question is : Please check eNodeB something - secondQuest please choose one of the answers :
05/08/2017 02:14:28 PM x happened
05/08/2017 02:14:28 PM y happened
05/08/2017 02:14:29 PM the additional comments for the current test are : 
05/08/2017 02:14:31 PM selected answer from the user is : dsds
05/08/2017 02:14:31 PM The final result of the test is : False
05/08/2017 02:14:31 PM the additional comments for the current test are : dsds
05/08/2017 02:14:31 PM The final result of the test is : [False, 'dsds']
05/08/2017 02:14:33 PM the selected test from the user is : quit
