05/08/2017 01:03:26 PM Start of the test
05/08/2017 01:04:08 PM the selected test from the user is : exampleTestWithRegistration.csv
05/08/2017 01:04:08 PM init the test definition by the test steps sent from the user
05/08/2017 01:04:08 PM  * Running on http://127.0.0.1:5000/ (Press CTRL+C to quit)
05/08/2017 01:04:14 PM sent flask request to engine
05/08/2017 01:04:14 PM ENodeB sent request to engine from server
05/08/2017 01:04:14 PM compare between  requested json to expected json
05/08/2017 01:04:14 PM arrived to nstep starting question answer session with the technician
05/08/2017 01:04:14 PM response in flask OrderedDict([(u'registrationResponse', [OrderedDict([(u'cbsdId', u'1234567890123456789cbsdSerialNumber123'), (u'error', OrderedDict([(u'errorCode', 0)]))])])])
05/08/2017 01:04:14 PM 127.0.0.1 - - [08/May/2017 13:04:14] "POST /cbsd/registration/ HTTP/1.1" 200 -
05/08/2017 01:04:16 PM hey the question is : Please check eNodeB something please choose one of the answers :
05/08/2017 01:04:16 PM x happened
05/08/2017 01:04:16 PM y happened
05/08/2017 01:04:21 PM hey the question is : Please check eNodeB something - secondQuest please choose one of the answers :
05/08/2017 01:04:21 PM x happened
05/08/2017 01:04:21 PM y happened
05/08/2017 01:04:23 PM the additional comments for the current test are : 
05/08/2017 01:04:28 PM selected answer from the user is : nothing
05/08/2017 01:04:28 PM The final result of the test is : False
05/08/2017 01:04:28 PM the additional comments for the current test are : nothing
05/08/2017 01:04:28 PM The final result of the test is : [False, 'nothing']
05/08/2017 01:04:52 PM sent flask request to engine
05/08/2017 01:04:52 PM 127.0.0.1 - - [08/May/2017 13:04:52] "POST /cbsd/registration/ HTTP/1.1" 302 -
05/08/2017 01:04:52 PM 127.0.0.1 - - [08/May/2017 13:04:52] "GET /shutdown?validationMessage=+all+the+steps+of+the+test+had+been+finished+see+final+results+at+the+console HTTP/1.1" 200 -
05/08/2017 01:04:52 PM init the test definition by the test steps sent from the user
05/08/2017 01:04:52 PM  * Running on http://127.0.0.1:5000/ (Press CTRL+C to quit)
