05/08/2017 02:48:55 PM Start of the test
05/08/2017 02:48:57 PM the selected test from the user is : exampleTestWithRegistration.csv
05/08/2017 02:48:57 PM init the test definition by the test steps sent from the user
05/08/2017 02:48:58 PM  * Running on http://127.0.0.1:5000/ (Press CTRL+C to quit)
05/08/2017 02:49:09 PM sent flask request to engine
05/08/2017 02:49:09 PM ENodeB sent request to engine from server
05/08/2017 02:49:09 PM compare between  requested json to expected json
05/08/2017 02:49:09 PM return heart beat part of json from engine to the eNodeB
05/08/2017 02:49:09 PM response in flask OrderedDict([(u'heartbeatResponse', [OrderedDict([(u'cbsdId', u'1234567890123456789cbsdSerialNumber123'), (u'error', OrderedDict([(u'errorCode', 0)])), (u'grantId', u'8385094448610395450'), (u'operationStatusReq', True), (u'transmitExpireTime', u'2017-05-28T23:20:08Z'), (u'heartbeatDuration', 60.0)])])])
05/08/2017 02:49:09 PM 127.0.0.1 - - [08/May/2017 14:49:09] "POST /cbsd/heartbeat/ HTTP/1.1" 200 -
05/08/2017 02:50:02 PM sent flask request to engine
05/08/2017 02:50:02 PM ENodeB sent request to engine from server
05/08/2017 02:50:02 PM compare between  requested json to expected json
05/08/2017 02:50:02 PM return heart beat part of json from engine to the eNodeB
05/08/2017 02:50:02 PM response in flask OrderedDict([(u'heartbeatResponse', [OrderedDict([(u'cbsdId', u'1234567890123456789cbsdSerialNumber123'), (u'error', OrderedDict([(u'errorCode', 0)])), (u'grantId', u'8385094448610395450'), (u'operationStatusReq', True), (u'transmitExpireTime', u'2017-05-28T23:20:08Z'), (u'heartbeatDuration', 60.0)])])])
05/08/2017 02:50:02 PM 127.0.0.1 - - [08/May/2017 14:50:02] "POST /cbsd/heartbeat/ HTTP/1.1" 200 -
05/08/2017 02:50:03 PM sent flask request to engine
05/08/2017 02:50:03 PM ENodeB sent request to engine from server
05/08/2017 02:50:03 PM compare between  requested json to expected json
05/08/2017 02:50:03 PM return heart beat part of json from engine to the eNodeB
05/08/2017 02:50:03 PM response in flask OrderedDict([(u'heartbeatResponse', [OrderedDict([(u'cbsdId', u'1234567890123456789cbsdSerialNumber123'), (u'error', OrderedDict([(u'errorCode', 0)])), (u'grantId', u'8385094448610395450'), (u'operationStatusReq', True), (u'transmitExpireTime', u'2017-05-28T23:20:08Z'), (u'heartbeatDuration', 60.0)])])])
05/08/2017 02:50:03 PM 127.0.0.1 - - [08/May/2017 14:50:03] "POST /cbsd/heartbeat/ HTTP/1.1" 200 -
05/08/2017 02:50:04 PM sent flask request to engine
05/08/2017 02:50:04 PM ENodeB sent request to engine from server
05/08/2017 02:50:04 PM compare between  requested json to expected json
05/08/2017 02:50:04 PM return heart beat part of json from engine to the eNodeB
05/08/2017 02:50:04 PM response in flask OrderedDict([(u'heartbeatResponse', [OrderedDict([(u'cbsdId', u'1234567890123456789cbsdSerialNumber123'), (u'error', OrderedDict([(u'errorCode', 0)])), (u'grantId', u'8385094448610395450'), (u'operationStatusReq', True), (u'transmitExpireTime', u'2017-05-28T23:20:08Z'), (u'heartbeatDuration', 60.0)])])])
05/08/2017 02:50:04 PM 127.0.0.1 - - [08/May/2017 14:50:04] "POST /cbsd/heartbeat/ HTTP/1.1" 200 -
05/08/2017 02:50:04 PM sent flask request to engine
05/08/2017 02:50:04 PM ENodeB sent request to engine from server
05/08/2017 02:50:04 PM compare between  requested json to expected json
05/08/2017 02:50:04 PM return heart beat part of json from engine to the eNodeB
05/08/2017 02:50:04 PM response in flask OrderedDict([(u'heartbeatResponse', [OrderedDict([(u'cbsdId', u'1234567890123456789cbsdSerialNumber123'), (u'error', OrderedDict([(u'errorCode', 0)])), (u'grantId', u'8385094448610395450'), (u'operationStatusReq', True), (u'transmitExpireTime', u'2017-05-28T23:20:08Z'), (u'heartbeatDuration', 60.0)])])])
05/08/2017 02:50:04 PM 127.0.0.1 - - [08/May/2017 14:50:04] "POST /cbsd/heartbeat/ HTTP/1.1" 200 -
05/08/2017 02:50:05 PM sent flask request to engine
05/08/2017 02:50:05 PM ENodeB sent request to engine from server
05/08/2017 02:50:05 PM compare between  requested json to expected json
05/08/2017 02:50:05 PM return heart beat part of json from engine to the eNodeB
05/08/2017 02:50:05 PM response in flask OrderedDict([(u'heartbeatResponse', [OrderedDict([(u'cbsdId', u'1234567890123456789cbsdSerialNumber123'), (u'error', OrderedDict([(u'errorCode', 0)])), (u'grantId', u'8385094448610395450'), (u'operationStatusReq', True), (u'transmitExpireTime', u'2017-05-28T23:20:08Z'), (u'heartbeatDuration', 60.0)])])])
05/08/2017 02:50:05 PM 127.0.0.1 - - [08/May/2017 14:50:05] "POST /cbsd/heartbeat/ HTTP/1.1" 200 -
05/08/2017 02:50:05 PM sent flask request to engine
05/08/2017 02:50:05 PM ENodeB sent request to engine from server
05/08/2017 02:50:05 PM compare between  requested json to expected json
05/08/2017 02:50:05 PM return heart beat part of json from engine to the eNodeB
05/08/2017 02:50:05 PM response in flask OrderedDict([(u'heartbeatResponse', [OrderedDict([(u'cbsdId', u'1234567890123456789cbsdSerialNumber123'), (u'error', OrderedDict([(u'errorCode', 0)])), (u'grantId', u'8385094448610395450'), (u'operationStatusReq', True), (u'transmitExpireTime', u'2017-05-28T23:20:08Z'), (u'heartbeatDuration', 60.0)])])])
05/08/2017 02:50:05 PM 127.0.0.1 - - [08/May/2017 14:50:05] "POST /cbsd/heartbeat/ HTTP/1.1" 200 -
05/08/2017 02:50:06 PM sent flask request to engine
05/08/2017 02:50:06 PM ENodeB sent request to engine from server
05/08/2017 02:50:06 PM compare between  requested json to expected json
05/08/2017 02:50:06 PM return heart beat part of json from engine to the eNodeB
05/08/2017 02:50:06 PM response in flask OrderedDict([(u'heartbeatResponse', [OrderedDict([(u'cbsdId', u'1234567890123456789cbsdSerialNumber123'), (u'error', OrderedDict([(u'errorCode', 0)])), (u'grantId', u'8385094448610395450'), (u'operationStatusReq', True), (u'transmitExpireTime', u'2017-05-28T23:20:08Z'), (u'heartbeatDuration', 60.0)])])])
05/08/2017 02:50:06 PM 127.0.0.1 - - [08/May/2017 14:50:06] "POST /cbsd/heartbeat/ HTTP/1.1" 200 -
05/08/2017 02:50:06 PM sent flask request to engine
05/08/2017 02:50:06 PM ENodeB sent request to engine from server
05/08/2017 02:50:06 PM compare between  requested json to expected json
05/08/2017 02:50:06 PM return heart beat part of json from engine to the eNodeB
05/08/2017 02:50:06 PM response in flask OrderedDict([(u'heartbeatResponse', [OrderedDict([(u'cbsdId', u'1234567890123456789cbsdSerialNumber123'), (u'error', OrderedDict([(u'errorCode', 0)])), (u'grantId', u'8385094448610395450'), (u'operationStatusReq', True), (u'transmitExpireTime', u'2017-05-28T23:20:08Z'), (u'heartbeatDuration', 60.0)])])])
05/08/2017 02:50:06 PM 127.0.0.1 - - [08/May/2017 14:50:06] "POST /cbsd/heartbeat/ HTTP/1.1" 200 -
05/08/2017 02:50:07 PM sent flask request to engine
05/08/2017 02:50:07 PM ENodeB sent request to engine from server
05/08/2017 02:50:07 PM compare between  requested json to expected json
05/08/2017 02:50:07 PM return heart beat part of json from engine to the eNodeB
05/08/2017 02:50:07 PM response in flask OrderedDict([(u'heartbeatResponse', [OrderedDict([(u'cbsdId', u'1234567890123456789cbsdSerialNumber123'), (u'error', OrderedDict([(u'errorCode', 0)])), (u'grantId', u'8385094448610395450'), (u'operationStatusReq', True), (u'transmitExpireTime', u'2017-05-28T23:20:08Z'), (u'heartbeatDuration', 60.0)])])])
05/08/2017 02:50:07 PM 127.0.0.1 - - [08/May/2017 14:50:07] "POST /cbsd/heartbeat/ HTTP/1.1" 200 -
05/08/2017 02:50:07 PM sent flask request to engine
05/08/2017 02:50:07 PM ENodeB sent request to engine from server
05/08/2017 02:50:07 PM compare between  requested json to expected json
05/08/2017 02:50:07 PM return heart beat part of json from engine to the eNodeB
05/08/2017 02:50:07 PM response in flask OrderedDict([(u'heartbeatResponse', [OrderedDict([(u'cbsdId', u'1234567890123456789cbsdSerialNumber123'), (u'error', OrderedDict([(u'errorCode', 0)])), (u'grantId', u'8385094448610395450'), (u'operationStatusReq', True), (u'transmitExpireTime', u'2017-05-28T23:20:08Z'), (u'heartbeatDuration', 60.0)])])])
05/08/2017 02:50:07 PM 127.0.0.1 - - [08/May/2017 14:50:07] "POST /cbsd/heartbeat/ HTTP/1.1" 200 -
05/08/2017 02:50:08 PM sent flask request to engine
05/08/2017 02:50:08 PM ENodeB sent request to engine from server
05/08/2017 02:50:08 PM compare between  requested json to expected json
05/08/2017 02:50:08 PM return heart beat part of json from engine to the eNodeB
05/08/2017 02:50:08 PM response in flask OrderedDict([(u'heartbeatResponse', [OrderedDict([(u'cbsdId', u'1234567890123456789cbsdSerialNumber123'), (u'error', OrderedDict([(u'errorCode', 0)])), (u'grantId', u'8385094448610395450'), (u'operationStatusReq', True), (u'transmitExpireTime', u'2017-05-28T23:20:08Z'), (u'heartbeatDuration', 60.0)])])])
05/08/2017 02:50:08 PM 127.0.0.1 - - [08/May/2017 14:50:08] "POST /cbsd/heartbeat/ HTTP/1.1" 200 -
05/08/2017 02:50:09 PM sent flask request to engine
05/08/2017 02:50:09 PM ENodeB sent request to engine from server
05/08/2017 02:50:09 PM compare between  requested json to expected json
05/08/2017 02:50:09 PM return heart beat part of json from engine to the eNodeB
05/08/2017 02:50:09 PM response in flask OrderedDict([(u'heartbeatResponse', [OrderedDict([(u'cbsdId', u'1234567890123456789cbsdSerialNumber123'), (u'error', OrderedDict([(u'errorCode', 0)])), (u'grantId', u'8385094448610395450'), (u'operationStatusReq', True), (u'transmitExpireTime', u'2017-05-28T23:20:08Z'), (u'heartbeatDuration', 60.0)])])])
05/08/2017 02:50:09 PM 127.0.0.1 - - [08/May/2017 14:50:09] "POST /cbsd/heartbeat/ HTTP/1.1" 200 -
05/08/2017 02:50:09 PM sent flask request to engine
05/08/2017 02:50:09 PM ENodeB sent request to engine from server
05/08/2017 02:50:09 PM compare between  requested json to expected json
05/08/2017 02:50:09 PM return heart beat part of json from engine to the eNodeB
05/08/2017 02:50:09 PM response in flask OrderedDict([(u'heartbeatResponse', [OrderedDict([(u'cbsdId', u'1234567890123456789cbsdSerialNumber123'), (u'error', OrderedDict([(u'errorCode', 0)])), (u'grantId', u'8385094448610395450'), (u'operationStatusReq', True), (u'transmitExpireTime', u'2017-05-28T23:20:08Z'), (u'heartbeatDuration', 60.0)])])])
05/08/2017 02:50:09 PM 127.0.0.1 - - [08/May/2017 14:50:09] "POST /cbsd/heartbeat/ HTTP/1.1" 200 -
05/08/2017 02:50:10 PM sent flask request to engine
05/08/2017 02:50:10 PM ENodeB sent request to engine from server
05/08/2017 02:50:10 PM compare between  requested json to expected json
05/08/2017 02:50:10 PM return heart beat part of json from engine to the eNodeB
05/08/2017 02:50:10 PM response in flask OrderedDict([(u'heartbeatResponse', [OrderedDict([(u'cbsdId', u'1234567890123456789cbsdSerialNumber123'), (u'error', OrderedDict([(u'errorCode', 0)])), (u'grantId', u'8385094448610395450'), (u'operationStatusReq', True), (u'transmitExpireTime', u'2017-05-28T23:20:08Z'), (u'heartbeatDuration', 60.0)])])])
05/08/2017 02:50:10 PM 127.0.0.1 - - [08/May/2017 14:50:10] "POST /cbsd/heartbeat/ HTTP/1.1" 200 -
05/08/2017 02:50:10 PM sent flask request to engine
05/08/2017 02:50:10 PM ENodeB sent request to engine from server
05/08/2017 02:50:10 PM compare between  requested json to expected json
05/08/2017 02:50:10 PM return heart beat part of json from engine to the eNodeB
05/08/2017 02:50:10 PM response in flask OrderedDict([(u'heartbeatResponse', [OrderedDict([(u'cbsdId', u'1234567890123456789cbsdSerialNumber123'), (u'error', OrderedDict([(u'errorCode', 0)])), (u'grantId', u'8385094448610395450'), (u'operationStatusReq', True), (u'transmitExpireTime', u'2017-05-28T23:20:08Z'), (u'heartbeatDuration', 60.0)])])])
05/08/2017 02:50:10 PM 127.0.0.1 - - [08/May/2017 14:50:10] "POST /cbsd/heartbeat/ HTTP/1.1" 200 -
05/08/2017 02:50:11 PM sent flask request to engine
05/08/2017 02:50:11 PM ENodeB sent request to engine from server
05/08/2017 02:50:11 PM compare between  requested json to expected json
05/08/2017 02:50:11 PM return heart beat part of json from engine to the eNodeB
05/08/2017 02:50:11 PM response in flask OrderedDict([(u'heartbeatResponse', [OrderedDict([(u'cbsdId', u'1234567890123456789cbsdSerialNumber123'), (u'error', OrderedDict([(u'errorCode', 0)])), (u'grantId', u'8385094448610395450'), (u'operationStatusReq', True), (u'transmitExpireTime', u'2017-05-28T23:20:08Z'), (u'heartbeatDuration', 60.0)])])])
05/08/2017 02:50:11 PM 127.0.0.1 - - [08/May/2017 14:50:11] "POST /cbsd/heartbeat/ HTTP/1.1" 200 -
05/08/2017 02:50:11 PM sent flask request to engine
05/08/2017 02:50:11 PM ENodeB sent request to engine from server
05/08/2017 02:50:11 PM compare between  requested json to expected json
05/08/2017 02:50:11 PM return heart beat part of json from engine to the eNodeB
05/08/2017 02:50:11 PM response in flask OrderedDict([(u'heartbeatResponse', [OrderedDict([(u'cbsdId', u'1234567890123456789cbsdSerialNumber123'), (u'error', OrderedDict([(u'errorCode', 0)])), (u'grantId', u'8385094448610395450'), (u'operationStatusReq', True), (u'transmitExpireTime', u'2017-05-28T23:20:08Z'), (u'heartbeatDuration', 60.0)])])])
05/08/2017 02:50:11 PM 127.0.0.1 - - [08/May/2017 14:50:11] "POST /cbsd/heartbeat/ HTTP/1.1" 200 -
05/08/2017 02:50:12 PM sent flask request to engine
05/08/2017 02:50:12 PM ENodeB sent request to engine from server
05/08/2017 02:50:12 PM compare between  requested json to expected json
05/08/2017 02:50:12 PM return heart beat part of json from engine to the eNodeB
05/08/2017 02:50:12 PM response in flask OrderedDict([(u'heartbeatResponse', [OrderedDict([(u'cbsdId', u'1234567890123456789cbsdSerialNumber123'), (u'error', OrderedDict([(u'errorCode', 0)])), (u'grantId', u'8385094448610395450'), (u'operationStatusReq', True), (u'transmitExpireTime', u'2017-05-28T23:20:08Z'), (u'heartbeatDuration', 60.0)])])])
05/08/2017 02:50:12 PM 127.0.0.1 - - [08/May/2017 14:50:12] "POST /cbsd/heartbeat/ HTTP/1.1" 200 -
05/08/2017 02:50:12 PM sent flask request to engine
05/08/2017 02:50:12 PM ENodeB sent request to engine from server
05/08/2017 02:50:12 PM compare between  requested json to expected json
05/08/2017 02:50:12 PM return heart beat part of json from engine to the eNodeB
05/08/2017 02:50:12 PM response in flask OrderedDict([(u'heartbeatResponse', [OrderedDict([(u'cbsdId', u'1234567890123456789cbsdSerialNumber123'), (u'error', OrderedDict([(u'errorCode', 0)])), (u'grantId', u'8385094448610395450'), (u'operationStatusReq', True), (u'transmitExpireTime', u'2017-05-28T23:20:08Z'), (u'heartbeatDuration', 60.0)])])])
05/08/2017 02:50:12 PM 127.0.0.1 - - [08/May/2017 14:50:12] "POST /cbsd/heartbeat/ HTTP/1.1" 200 -
05/08/2017 02:50:13 PM sent flask request to engine
05/08/2017 02:50:13 PM ENodeB sent request to engine from server
05/08/2017 02:50:13 PM compare between  requested json to expected json
05/08/2017 02:50:13 PM return heart beat part of json from engine to the eNodeB
05/08/2017 02:50:13 PM response in flask OrderedDict([(u'heartbeatResponse', [OrderedDict([(u'cbsdId', u'1234567890123456789cbsdSerialNumber123'), (u'error', OrderedDict([(u'errorCode', 0)])), (u'grantId', u'8385094448610395450'), (u'operationStatusReq', True), (u'transmitExpireTime', u'2017-05-28T23:20:08Z'), (u'heartbeatDuration', 60.0)])])])
05/08/2017 02:50:13 PM 127.0.0.1 - - [08/May/2017 14:50:13] "POST /cbsd/heartbeat/ HTTP/1.1" 200 -
05/08/2017 02:50:14 PM sent flask request to engine
05/08/2017 02:50:14 PM ENodeB sent request to engine from server
05/08/2017 02:50:14 PM compare between  requested json to expected json
05/08/2017 02:50:14 PM return heart beat part of json from engine to the eNodeB
05/08/2017 02:50:14 PM response in flask OrderedDict([(u'heartbeatResponse', [OrderedDict([(u'cbsdId', u'1234567890123456789cbsdSerialNumber123'), (u'error', OrderedDict([(u'errorCode', 0)])), (u'grantId', u'8385094448610395450'), (u'operationStatusReq', True), (u'transmitExpireTime', u'2017-05-28T23:20:08Z'), (u'heartbeatDuration', 60.0)])])])
05/08/2017 02:50:14 PM 127.0.0.1 - - [08/May/2017 14:50:14] "POST /cbsd/heartbeat/ HTTP/1.1" 200 -
05/08/2017 02:50:14 PM sent flask request to engine
05/08/2017 02:50:14 PM ENodeB sent request to engine from server
05/08/2017 02:50:14 PM compare between  requested json to expected json
05/08/2017 02:50:14 PM return heart beat part of json from engine to the eNodeB
05/08/2017 02:50:14 PM response in flask OrderedDict([(u'heartbeatResponse', [OrderedDict([(u'cbsdId', u'1234567890123456789cbsdSerialNumber123'), (u'error', OrderedDict([(u'errorCode', 0)])), (u'grantId', u'8385094448610395450'), (u'operationStatusReq', True), (u'transmitExpireTime', u'2017-05-28T23:20:08Z'), (u'heartbeatDuration', 60.0)])])])
05/08/2017 02:50:14 PM 127.0.0.1 - - [08/May/2017 14:50:14] "POST /cbsd/heartbeat/ HTTP/1.1" 200 -
05/08/2017 02:50:15 PM sent flask request to engine
05/08/2017 02:50:15 PM ENodeB sent request to engine from server
05/08/2017 02:50:15 PM compare between  requested json to expected json
05/08/2017 02:50:15 PM return heart beat part of json from engine to the eNodeB
05/08/2017 02:50:15 PM response in flask OrderedDict([(u'heartbeatResponse', [OrderedDict([(u'cbsdId', u'1234567890123456789cbsdSerialNumber123'), (u'error', OrderedDict([(u'errorCode', 0)])), (u'grantId', u'8385094448610395450'), (u'operationStatusReq', True), (u'transmitExpireTime', u'2017-05-28T23:20:08Z'), (u'heartbeatDuration', 60.0)])])])
05/08/2017 02:50:15 PM 127.0.0.1 - - [08/May/2017 14:50:15] "POST /cbsd/heartbeat/ HTTP/1.1" 200 -
05/08/2017 02:50:15 PM sent flask request to engine
05/08/2017 02:50:15 PM ENodeB sent request to engine from server
05/08/2017 02:50:15 PM compare between  requested json to expected json
05/08/2017 02:50:15 PM return heart beat part of json from engine to the eNodeB
05/08/2017 02:50:15 PM response in flask OrderedDict([(u'heartbeatResponse', [OrderedDict([(u'cbsdId', u'1234567890123456789cbsdSerialNumber123'), (u'error', OrderedDict([(u'errorCode', 0)])), (u'grantId', u'8385094448610395450'), (u'operationStatusReq', True), (u'transmitExpireTime', u'2017-05-28T23:20:08Z'), (u'heartbeatDuration', 60.0)])])])
05/08/2017 02:50:15 PM 127.0.0.1 - - [08/May/2017 14:50:15] "POST /cbsd/heartbeat/ HTTP/1.1" 200 -
05/08/2017 02:50:16 PM sent flask request to engine
05/08/2017 02:50:16 PM ENodeB sent request to engine from server
05/08/2017 02:50:16 PM compare between  requested json to expected json
05/08/2017 02:50:16 PM return heart beat part of json from engine to the eNodeB
05/08/2017 02:50:16 PM response in flask OrderedDict([(u'heartbeatResponse', [OrderedDict([(u'cbsdId', u'1234567890123456789cbsdSerialNumber123'), (u'error', OrderedDict([(u'errorCode', 0)])), (u'grantId', u'8385094448610395450'), (u'operationStatusReq', True), (u'transmitExpireTime', u'2017-05-28T23:20:08Z'), (u'heartbeatDuration', 60.0)])])])
05/08/2017 02:50:16 PM 127.0.0.1 - - [08/May/2017 14:50:16] "POST /cbsd/heartbeat/ HTTP/1.1" 200 -
05/08/2017 02:50:16 PM sent flask request to engine
05/08/2017 02:50:16 PM ENodeB sent request to engine from server
05/08/2017 02:50:16 PM compare between  requested json to expected json
05/08/2017 02:50:16 PM return heart beat part of json from engine to the eNodeB
05/08/2017 02:50:16 PM response in flask OrderedDict([(u'heartbeatResponse', [OrderedDict([(u'cbsdId', u'1234567890123456789cbsdSerialNumber123'), (u'error', OrderedDict([(u'errorCode', 0)])), (u'grantId', u'8385094448610395450'), (u'operationStatusReq', True), (u'transmitExpireTime', u'2017-05-28T23:20:08Z'), (u'heartbeatDuration', 60.0)])])])
05/08/2017 02:50:16 PM 127.0.0.1 - - [08/May/2017 14:50:16] "POST /cbsd/heartbeat/ HTTP/1.1" 200 -
05/08/2017 02:50:17 PM sent flask request to engine
05/08/2017 02:50:17 PM ENodeB sent request to engine from server
05/08/2017 02:50:17 PM compare between  requested json to expected json
05/08/2017 02:50:17 PM return heart beat part of json from engine to the eNodeB
05/08/2017 02:50:17 PM response in flask OrderedDict([(u'heartbeatResponse', [OrderedDict([(u'cbsdId', u'1234567890123456789cbsdSerialNumber123'), (u'error', OrderedDict([(u'errorCode', 0)])), (u'grantId', u'8385094448610395450'), (u'operationStatusReq', True), (u'transmitExpireTime', u'2017-05-28T23:20:08Z'), (u'heartbeatDuration', 60.0)])])])
05/08/2017 02:50:17 PM 127.0.0.1 - - [08/May/2017 14:50:17] "POST /cbsd/heartbeat/ HTTP/1.1" 200 -
05/08/2017 02:50:17 PM sent flask request to engine
05/08/2017 02:50:17 PM ENodeB sent request to engine from server
05/08/2017 02:50:17 PM compare between  requested json to expected json
05/08/2017 02:50:17 PM return heart beat part of json from engine to the eNodeB
05/08/2017 02:50:17 PM response in flask OrderedDict([(u'heartbeatResponse', [OrderedDict([(u'cbsdId', u'1234567890123456789cbsdSerialNumber123'), (u'error', OrderedDict([(u'errorCode', 0)])), (u'grantId', u'8385094448610395450'), (u'operationStatusReq', True), (u'transmitExpireTime', u'2017-05-28T23:20:08Z'), (u'heartbeatDuration', 60.0)])])])
05/08/2017 02:50:17 PM 127.0.0.1 - - [08/May/2017 14:50:17] "POST /cbsd/heartbeat/ HTTP/1.1" 200 -
05/08/2017 02:50:18 PM sent flask request to engine
05/08/2017 02:50:18 PM ENodeB sent request to engine from server
05/08/2017 02:50:18 PM compare between  requested json to expected json
05/08/2017 02:50:18 PM return heart beat part of json from engine to the eNodeB
05/08/2017 02:50:18 PM response in flask OrderedDict([(u'heartbeatResponse', [OrderedDict([(u'cbsdId', u'1234567890123456789cbsdSerialNumber123'), (u'error', OrderedDict([(u'errorCode', 0)])), (u'grantId', u'8385094448610395450'), (u'operationStatusReq', True), (u'transmitExpireTime', u'2017-05-28T23:20:08Z'), (u'heartbeatDuration', 60.0)])])])
05/08/2017 02:50:18 PM 127.0.0.1 - - [08/May/2017 14:50:18] "POST /cbsd/heartbeat/ HTTP/1.1" 200 -
05/08/2017 02:50:18 PM sent flask request to engine
05/08/2017 02:50:18 PM ENodeB sent request to engine from server
05/08/2017 02:50:18 PM compare between  requested json to expected json
05/08/2017 02:50:18 PM return heart beat part of json from engine to the eNodeB
05/08/2017 02:50:18 PM response in flask OrderedDict([(u'heartbeatResponse', [OrderedDict([(u'cbsdId', u'1234567890123456789cbsdSerialNumber123'), (u'error', OrderedDict([(u'errorCode', 0)])), (u'grantId', u'8385094448610395450'), (u'operationStatusReq', True), (u'transmitExpireTime', u'2017-05-28T23:20:08Z'), (u'heartbeatDuration', 60.0)])])])
05/08/2017 02:50:18 PM 127.0.0.1 - - [08/May/2017 14:50:18] "POST /cbsd/heartbeat/ HTTP/1.1" 200 -
