05/08/2017 02:46:26 PM Start of the test
05/08/2017 02:46:36 PM the selected test from the user is : exampleTestWithRegistration.csv
05/08/2017 02:46:36 PM init the test definition by the test steps sent from the user
05/08/2017 02:46:36 PM  * Running on http://127.0.0.1:5000/ (Press CTRL+C to quit)
05/08/2017 02:46:40 PM sent flask request to engine
05/08/2017 02:46:40 PM ENodeB sent request to engine from server
05/08/2017 02:46:40 PM compare between  requested json to expected json
05/08/2017 02:46:40 PM (False, 

Reason: Length Mismatch: Expected Length: 6, Actual Length: 4
Expected:
  {
      "cbsdId": "1234567890123456789cbsdSerialNumber123", 
      "grantId": "8385094448610395450", 
      "grantRenew": false, 
      "operationParam": {
          "operationFrequencyRange": {
              "highFrequency": 3580000000, 
              "lowFrequency": 3560000000
          }, 
          "peakPower": 2986.9897000433602
      }, 
      "operationState": "Transmission", 
      "sensingCapability": [
          "type"
      ]
  }
Actual:
  {
      "cbsdId": "1234567890123456789cbsdSerialNumber123", 
      "grantId": "8385094448610395450", 
      "grantRenew": false, 
      "operationState": "TEWRE"
  }

Reason: Different values (Check order)
Expected:
  {
      "cbsdId": "1234567890123456789cbsdSerialNumber123", 
      "grantId": "8385094448610395450", 
      "grantRenew": false, 
      "operationParam": {
          "operationFrequencyRange": {
              "highFrequency": 3580000000, 
              "lowFrequency": 3560000000
          }, 
          "peakPower": 2986.9897000433602
      }, 
      "operationState": "Transmission", 
      "sensingCapability": [
          "type"
      ]
  }
Actual:
  {
      "cbsdId": "1234567890123456789cbsdSerialNumber123", 
      "grantId": "8385094448610395450", 
      "grantRenew": false, 
      "operationState": "TEWRE"
  })
05/08/2017 02:46:40 PM response in flask An Error occurred while comparing between actual and expected request
05/08/2017 02:46:40 PM 127.0.0.1 - - [08/May/2017 14:46:40] "POST /cbsd/heartbeat/ HTTP/1.1" 302 -
05/08/2017 02:46:40 PM 127.0.0.1 - - [08/May/2017 14:46:40] "GET /shutdown?validationMessage=An+Error+occurred+while+comparing+between+actual+and+expected+request HTTP/1.1" 400 -
05/08/2017 02:46:40 PM Session user will now close
05/08/2017 02:46:40 PM Session user will now close
05/08/2017 02:46:40 PM An Error occurred while comparing between actual and expected request
