05/08/2017 03:38:38 PM Start of the test
05/08/2017 03:38:54 PM the selected test from the user is : exampleTest.csv
05/08/2017 03:38:54 PM init the test definition by the test steps sent from the user
05/08/2017 03:38:54 PM  * Running on http://127.0.0.1:5000/ (Press CTRL+C to quit)
05/08/2017 03:39:20 PM sent flask request to engine
05/08/2017 03:39:20 PM request from eNodeB : OrderedDict([(u'name', u'Registration_1_2_3_4'), (u'registrationRequest', [OrderedDict([(u'userId', u'user123'), (u'fccId', u'1234567890123456789'), (u'cbsdSerialNumber', u'76B1E617472C'), (u'cbsdManufacturer', u'cbsdManufacturer123'), (u'cbsdCategory', u'a'), (u'callSign', u'callSign123'), (u'maximumGrants', 2), (u'sensingCapability', [u'receivedInterferencePower']), (u'airInterface', OrderedDict([(u'radioTechnology', u'lte'), (u'supportedSpec', u'lte-rel10')])), (u'installationParam', OrderedDict([(u'latitude', 38.878337), (u'longitude', -77.100703), (u'height', 1), (u'heightType', u'agl'), (u'horizontalAccuracy', 1), (u'verticalAccuracy', 1), (u'indoorDeployment', True), (u'antennaAzimuth', 0), (u'antennaDowntiltMech', 0), (u'antennaDowntiltElec', 0), (u'antennaGain', 0), (u'antennaBeamwidth', 0), (u'antennaModel', u'antennaModel123')]))])])])
05/08/2017 03:39:20 PM ENodeB sent request to engine from server
05/08/2017 03:39:20 PM compare between  requested json to expected json
05/08/2017 03:39:20 PM response in flask OrderedDict([(u'registrationResponse', [OrderedDict([(u'cbsdId', u'1234567890123456789cbsdSerialNumber123'), (u'error', OrderedDict([(u'errorCode', 0)]))])])])
05/08/2017 03:39:20 PM 127.0.0.1 - - [08/May/2017 15:39:20] "POST /cbsd/registration/ HTTP/1.1" 200 -
05/08/2017 03:39:48 PM sent flask request to engine
05/08/2017 03:39:48 PM request from eNodeB : OrderedDict([(u'name', u'Registration_1_2_3_4'), (u'heartbeatRequest', [OrderedDict([(u'cbsdId', u'1234567890123456789cbsdSerialNumber123'), (u'grantId', u'8385094448610395450'), (u'grantRenew', False), (u'operationState', u'TEWRE')])])])
05/08/2017 03:39:48 PM ENodeB sent request to engine from server
05/08/2017 03:39:48 PM compare between  requested json to expected json
05/08/2017 03:39:48 PM return heart beat part of json from engine to the eNodeB
05/08/2017 03:39:48 PM response in flask OrderedDict([(u'heartbeatResponse', [OrderedDict([(u'cbsdId', u'1234567890123456789cbsdSerialNumber123'), (u'error', OrderedDict([(u'errorCode', 0)])), (u'grantId', u'8385094448610395450'), (u'operationStatusReq', True), (u'transmitExpireTime', u'2017-05-28T23:20:08Z'), (u'heartbeatDuration', 60.0)])])])
05/08/2017 03:39:48 PM 127.0.0.1 - - [08/May/2017 15:39:48] "POST /cbsd/heartbeat/ HTTP/1.1" 200 -
05/08/2017 03:39:53 PM sent flask request to engine
05/08/2017 03:39:53 PM request from eNodeB : OrderedDict([(u'name', u'Registration_1_2_3_4'), (u'heartbeatRequest', [OrderedDict([(u'cbsdId', u'1234567890123456789cbsdSerialNumber123'), (u'grantId', u'8385094448610395450'), (u'grantRenew', False), (u'operationState', u'Transmission'), (u'sensingCapability', [u'type']), (u'operationParam', OrderedDict([(u'peakPower', 2986.9897000433602), (u'operationFrequencyRange', OrderedDict([(u'lowFrequency', 3560000000L), (u'highFrequency', 3580000000L)]))]))])])])
05/08/2017 03:39:53 PM ENodeB sent request to engine from server
05/08/2017 03:39:53 PM compare between  requested json to expected json
05/08/2017 03:39:53 PM return heart beat part of json from engine to the eNodeB
05/08/2017 03:39:53 PM response in flask OrderedDict([(u'heartbeatResponse', [OrderedDict([(u'cbsdId', u'1234567890123456789cbsdSerialNumber123'), (u'error', OrderedDict([(u'errorCode', 0)])), (u'grantId', u'8385094448610395450'), (u'operationStatusReq', True), (u'transmitExpireTime', u'2017-05-28T23:20:08Z'), (u'heartbeatDuration', 60.0)])])])
05/08/2017 03:39:53 PM 127.0.0.1 - - [08/May/2017 15:39:53] "POST /cbsd/heartbeat/ HTTP/1.1" 200 -
05/08/2017 03:39:54 PM sent flask request to engine
05/08/2017 03:39:54 PM request from eNodeB : OrderedDict([(u'name', u'Registration_1_2_3_4'), (u'heartbeatRequest', [OrderedDict([(u'cbsdId', u'1234567890123456789cbsdSerialNumber123'), (u'grantId', u'8385094448610395450'), (u'grantRenew', False), (u'operationState', u'Transmission'), (u'sensingCapability', [u'type']), (u'operationParam', OrderedDict([(u'peakPower', 2986.9897000433602), (u'operationFrequencyRange', OrderedDict([(u'lowFrequency', 3560000000L), (u'highFrequency', 3580000000L)]))]))])])])
05/08/2017 03:39:54 PM ENodeB sent request to engine from server
05/08/2017 03:39:54 PM compare between  requested json to expected json
05/08/2017 03:39:54 PM return heart beat part of json from engine to the eNodeB
05/08/2017 03:39:54 PM response in flask OrderedDict([(u'heartbeatResponse', [OrderedDict([(u'cbsdId', u'1234567890123456789cbsdSerialNumber123'), (u'error', OrderedDict([(u'errorCode', 0)])), (u'grantId', u'8385094448610395450'), (u'operationStatusReq', True), (u'transmitExpireTime', u'2017-05-28T23:20:08Z'), (u'heartbeatDuration', 60.0)])])])
05/08/2017 03:39:54 PM 127.0.0.1 - - [08/May/2017 15:39:54] "POST /cbsd/heartbeat/ HTTP/1.1" 200 -
05/08/2017 03:41:16 PM sent flask request to engine
05/08/2017 03:41:16 PM request from eNodeB : OrderedDict([(u'name', u'Registration_1_2_3_4'), (u'relinquishmentRequest', [OrderedDict([(u'cbsdId', u'1234567890123456789cbsdSerialNumber123'), (u'grantId', u'8385094448610395450')])])])
05/08/2017 03:41:16 PM ENodeB sent request to engine from server
05/08/2017 03:41:16 PM compare between  requested json to expected json
05/08/2017 03:41:16 PM arrived to nstep starting question answer session with the technician
05/08/2017 03:41:16 PM response in flask OrderedDict([(u'relinquishmentResponse', [OrderedDict([(u'cbsdId', u'1234567890123456789cbsdSerialNumber123'), (u'error', OrderedDict([(u'errorCode', 0)])), (u'grantId', u'8385094448610395450')])])])
05/08/2017 03:41:16 PM 127.0.0.1 - - [08/May/2017 15:41:16] "POST /cbsd/relinquishment/ HTTP/1.1" 200 -
05/08/2017 03:41:16 PM hey the question is : Did csbd UUT stop transmission immidietly after relinquishment response please choose one of the answers :
05/08/2017 03:41:16 PM yes
05/08/2017 03:41:16 PM no
05/08/2017 03:41:29 PM hey the question is : Is cbsd UUT in idle state after relinquishment response please choose one of the answers :
05/08/2017 03:41:29 PM yes
05/08/2017 03:41:29 PM no
05/08/2017 03:41:31 PM the additional comments for the current test are : 
05/08/2017 03:41:33 PM selected answer from the user is : xzhkZJ
05/08/2017 03:41:33 PM The final result of the test is : False
05/08/2017 03:41:33 PM the additional comments for the current test are : xzhkZJ
05/08/2017 03:41:33 PM The final result of the test is : [False, 'xzhkZJ']
