05/08/2017 02:13:18 PM Start of the test
05/08/2017 02:13:30 PM the selected test from the user is : exampleTestWithRegistration.csv
05/08/2017 02:13:30 PM init the test definition by the test steps sent from the user
05/08/2017 02:13:30 PM  * Running on http://127.0.0.1:5000/ (Press CTRL+C to quit)
05/08/2017 02:13:33 PM sent flask request to engine
05/08/2017 02:13:33 PM ENodeB sent request to engine from server
05/08/2017 02:13:33 PM compare between  requested json to expected json
05/08/2017 02:13:33 PM arrived to nstep starting question answer session with the technician
05/08/2017 02:13:33 PM response in flask OrderedDict([(u'registrationResponse', [OrderedDict([(u'cbsdId', u'1234567890123456789cbsdSerialNumber123'), (u'error', OrderedDict([(u'errorCode', 0)]))])])])
05/08/2017 02:13:33 PM 127.0.0.1 - - [08/May/2017 14:13:33] "POST /cbsd/registration/ HTTP/1.1" 200 -
05/08/2017 02:13:34 PM hey the question is : Please check eNodeB something please choose one of the answers :
05/08/2017 02:13:34 PM x happened
05/08/2017 02:13:34 PM y happened
05/08/2017 02:13:36 PM hey the question is : Please check eNodeB something - secondQuest please choose one of the answers :
05/08/2017 02:13:36 PM x happened
05/08/2017 02:13:36 PM y happened
05/08/2017 02:13:37 PM the additional comments for the current test are : 
05/08/2017 02:13:38 PM selected answer from the user is : v
05/08/2017 02:13:38 PM The final result of the test is : False
05/08/2017 02:13:38 PM the additional comments for the current test are : v
05/08/2017 02:13:38 PM The final result of the test is : [False, 'v']
05/08/2017 02:13:40 PM the selected test from the user is : exampleTestWithRegistration.csv
05/08/2017 02:13:40 PM init the test definition by the test steps sent from the user
