05/08/2017 02:53:59 PM Start of the test
05/08/2017 02:54:01 PM the selected test from the user is : exampleTestWithRegistration.csv
05/08/2017 02:54:01 PM init the test definition by the test steps sent from the user
05/08/2017 02:54:01 PM  * Running on http://127.0.0.1:5000/ (Press CTRL+C to quit)
05/08/2017 02:54:42 PM sent flask request to engine
05/08/2017 02:54:42 PM ENodeB sent request to engine from server
05/08/2017 02:54:42 PM compare between  requested json to expected json
05/08/2017 02:54:42 PM return heart beat part of json from engine to the eNodeB
05/08/2017 02:54:42 PM response in flask OrderedDict([(u'heartbeatResponse', [OrderedDict([(u'cbsdId', u'1234567890123456789cbsdSerialNumber123'), (u'error', OrderedDict([(u'errorCode', 0)])), (u'grantId', u'8385094448610395450'), (u'operationStatusReq', True), (u'transmitExpireTime', u'2017-05-28T23:20:08Z'), (u'heartbeatDuration', 60.0)])])])
05/08/2017 02:54:42 PM 127.0.0.1 - - [08/May/2017 14:54:42] "POST /cbsd/heartbeat/ HTTP/1.1" 200 -
05/08/2017 02:54:47 PM sent flask request to engine
05/08/2017 02:54:47 PM ENodeB sent request to engine from server
05/08/2017 02:54:47 PM compare between  requested json to expected json
05/08/2017 02:54:47 PM return heart beat part of json from engine to the eNodeB
05/08/2017 02:54:47 PM response in flask OrderedDict([(u'heartbeatResponse', [OrderedDict([(u'cbsdId', u'1234567890123456789cbsdSerialNumber123'), (u'error', OrderedDict([(u'errorCode', 0)])), (u'grantId', u'8385094448610395450'), (u'operationStatusReq', True), (u'transmitExpireTime', u'2017-05-28T23:20:08Z'), (u'heartbeatDuration', 60.0)])])])
05/08/2017 02:54:47 PM 127.0.0.1 - - [08/May/2017 14:54:47] "POST /cbsd/heartbeat/ HTTP/1.1" 200 -
05/08/2017 02:54:47 PM sent flask request to engine
05/08/2017 02:54:47 PM ENodeB sent request to engine from server
05/08/2017 02:54:47 PM compare between  requested json to expected json
05/08/2017 02:54:47 PM return heart beat part of json from engine to the eNodeB
05/08/2017 02:54:47 PM response in flask OrderedDict([(u'heartbeatResponse', [OrderedDict([(u'cbsdId', u'1234567890123456789cbsdSerialNumber123'), (u'error', OrderedDict([(u'errorCode', 0)])), (u'grantId', u'8385094448610395450'), (u'operationStatusReq', True), (u'transmitExpireTime', u'2017-05-28T23:20:08Z'), (u'heartbeatDuration', 60.0)])])])
05/08/2017 02:54:47 PM 127.0.0.1 - - [08/May/2017 14:54:47] "POST /cbsd/heartbeat/ HTTP/1.1" 200 -
05/08/2017 02:54:48 PM sent flask request to engine
05/08/2017 02:54:48 PM ENodeB sent request to engine from server
05/08/2017 02:54:48 PM compare between  requested json to expected json
05/08/2017 02:54:48 PM return heart beat part of json from engine to the eNodeB
05/08/2017 02:54:48 PM response in flask OrderedDict([(u'heartbeatResponse', [OrderedDict([(u'cbsdId', u'1234567890123456789cbsdSerialNumber123'), (u'error', OrderedDict([(u'errorCode', 0)])), (u'grantId', u'8385094448610395450'), (u'operationStatusReq', True), (u'transmitExpireTime', u'2017-05-28T23:20:08Z'), (u'heartbeatDuration', 60.0)])])])
05/08/2017 02:54:48 PM 127.0.0.1 - - [08/May/2017 14:54:48] "POST /cbsd/heartbeat/ HTTP/1.1" 200 -
05/08/2017 02:54:48 PM sent flask request to engine
05/08/2017 02:54:48 PM ENodeB sent request to engine from server
05/08/2017 02:54:48 PM compare between  requested json to expected json
05/08/2017 02:54:48 PM return heart beat part of json from engine to the eNodeB
05/08/2017 02:54:48 PM response in flask OrderedDict([(u'heartbeatResponse', [OrderedDict([(u'cbsdId', u'1234567890123456789cbsdSerialNumber123'), (u'error', OrderedDict([(u'errorCode', 0)])), (u'grantId', u'8385094448610395450'), (u'operationStatusReq', True), (u'transmitExpireTime', u'2017-05-28T23:20:08Z'), (u'heartbeatDuration', 60.0)])])])
05/08/2017 02:54:48 PM 127.0.0.1 - - [08/May/2017 14:54:48] "POST /cbsd/heartbeat/ HTTP/1.1" 200 -
05/08/2017 02:54:49 PM sent flask request to engine
05/08/2017 02:54:49 PM ENodeB sent request to engine from server
05/08/2017 02:54:49 PM compare between  requested json to expected json
05/08/2017 02:54:49 PM return heart beat part of json from engine to the eNodeB
05/08/2017 02:54:49 PM response in flask OrderedDict([(u'heartbeatResponse', [OrderedDict([(u'cbsdId', u'1234567890123456789cbsdSerialNumber123'), (u'error', OrderedDict([(u'errorCode', 0)])), (u'grantId', u'8385094448610395450'), (u'operationStatusReq', True), (u'transmitExpireTime', u'2017-05-28T23:20:08Z'), (u'heartbeatDuration', 60.0)])])])
05/08/2017 02:54:49 PM 127.0.0.1 - - [08/May/2017 14:54:49] "POST /cbsd/heartbeat/ HTTP/1.1" 200 -
05/08/2017 02:54:49 PM sent flask request to engine
05/08/2017 02:54:49 PM ENodeB sent request to engine from server
05/08/2017 02:54:49 PM compare between  requested json to expected json
05/08/2017 02:54:49 PM return heart beat part of json from engine to the eNodeB
05/08/2017 02:54:49 PM response in flask OrderedDict([(u'heartbeatResponse', [OrderedDict([(u'cbsdId', u'1234567890123456789cbsdSerialNumber123'), (u'error', OrderedDict([(u'errorCode', 0)])), (u'grantId', u'8385094448610395450'), (u'operationStatusReq', True), (u'transmitExpireTime', u'2017-05-28T23:20:08Z'), (u'heartbeatDuration', 60.0)])])])
05/08/2017 02:54:49 PM 127.0.0.1 - - [08/May/2017 14:54:49] "POST /cbsd/heartbeat/ HTTP/1.1" 200 -
05/08/2017 02:54:50 PM sent flask request to engine
05/08/2017 02:54:50 PM ENodeB sent request to engine from server
05/08/2017 02:54:50 PM compare between  requested json to expected json
05/08/2017 02:54:50 PM return heart beat part of json from engine to the eNodeB
05/08/2017 02:54:50 PM response in flask OrderedDict([(u'heartbeatResponse', [OrderedDict([(u'cbsdId', u'1234567890123456789cbsdSerialNumber123'), (u'error', OrderedDict([(u'errorCode', 0)])), (u'grantId', u'8385094448610395450'), (u'operationStatusReq', True), (u'transmitExpireTime', u'2017-05-28T23:20:08Z'), (u'heartbeatDuration', 60.0)])])])
05/08/2017 02:54:50 PM 127.0.0.1 - - [08/May/2017 14:54:50] "POST /cbsd/heartbeat/ HTTP/1.1" 200 -
05/08/2017 02:54:50 PM sent flask request to engine
05/08/2017 02:54:50 PM ENodeB sent request to engine from server
05/08/2017 02:54:50 PM compare between  requested json to expected json
05/08/2017 02:54:50 PM return heart beat part of json from engine to the eNodeB
05/08/2017 02:54:50 PM response in flask OrderedDict([(u'heartbeatResponse', [OrderedDict([(u'cbsdId', u'1234567890123456789cbsdSerialNumber123'), (u'error', OrderedDict([(u'errorCode', 0)])), (u'grantId', u'8385094448610395450'), (u'operationStatusReq', True), (u'transmitExpireTime', u'2017-05-28T23:20:08Z'), (u'heartbeatDuration', 60.0)])])])
05/08/2017 02:54:50 PM 127.0.0.1 - - [08/May/2017 14:54:50] "POST /cbsd/heartbeat/ HTTP/1.1" 200 -
05/08/2017 02:54:51 PM sent flask request to engine
05/08/2017 02:54:51 PM ENodeB sent request to engine from server
05/08/2017 02:54:51 PM compare between  requested json to expected json
05/08/2017 02:54:51 PM return heart beat part of json from engine to the eNodeB
05/08/2017 02:54:51 PM response in flask OrderedDict([(u'heartbeatResponse', [OrderedDict([(u'cbsdId', u'1234567890123456789cbsdSerialNumber123'), (u'error', OrderedDict([(u'errorCode', 0)])), (u'grantId', u'8385094448610395450'), (u'operationStatusReq', True), (u'transmitExpireTime', u'2017-05-28T23:20:08Z'), (u'heartbeatDuration', 60.0)])])])
05/08/2017 02:54:51 PM 127.0.0.1 - - [08/May/2017 14:54:51] "POST /cbsd/heartbeat/ HTTP/1.1" 200 -
05/08/2017 02:54:51 PM sent flask request to engine
05/08/2017 02:54:51 PM ENodeB sent request to engine from server
05/08/2017 02:54:51 PM compare between  requested json to expected json
05/08/2017 02:54:51 PM return heart beat part of json from engine to the eNodeB
05/08/2017 02:54:51 PM response in flask OrderedDict([(u'heartbeatResponse', [OrderedDict([(u'cbsdId', u'1234567890123456789cbsdSerialNumber123'), (u'error', OrderedDict([(u'errorCode', 0)])), (u'grantId', u'8385094448610395450'), (u'operationStatusReq', True), (u'transmitExpireTime', u'2017-05-28T23:20:08Z'), (u'heartbeatDuration', 60.0)])])])
05/08/2017 02:54:51 PM 127.0.0.1 - - [08/May/2017 14:54:51] "POST /cbsd/heartbeat/ HTTP/1.1" 200 -
05/08/2017 02:54:51 PM sent flask request to engine
05/08/2017 02:54:51 PM ENodeB sent request to engine from server
05/08/2017 02:54:51 PM compare between  requested json to expected json
05/08/2017 02:54:51 PM return heart beat part of json from engine to the eNodeB
05/08/2017 02:54:51 PM response in flask OrderedDict([(u'heartbeatResponse', [OrderedDict([(u'cbsdId', u'1234567890123456789cbsdSerialNumber123'), (u'error', OrderedDict([(u'errorCode', 0)])), (u'grantId', u'8385094448610395450'), (u'operationStatusReq', True), (u'transmitExpireTime', u'2017-05-28T23:20:08Z'), (u'heartbeatDuration', 60.0)])])])
05/08/2017 02:54:51 PM 127.0.0.1 - - [08/May/2017 14:54:51] "POST /cbsd/heartbeat/ HTTP/1.1" 200 -
05/08/2017 02:54:52 PM sent flask request to engine
05/08/2017 02:54:52 PM ENodeB sent request to engine from server
05/08/2017 02:54:52 PM compare between  requested json to expected json
05/08/2017 02:54:52 PM return heart beat part of json from engine to the eNodeB
05/08/2017 02:54:52 PM response in flask OrderedDict([(u'heartbeatResponse', [OrderedDict([(u'cbsdId', u'1234567890123456789cbsdSerialNumber123'), (u'error', OrderedDict([(u'errorCode', 0)])), (u'grantId', u'8385094448610395450'), (u'operationStatusReq', True), (u'transmitExpireTime', u'2017-05-28T23:20:08Z'), (u'heartbeatDuration', 60.0)])])])
05/08/2017 02:54:52 PM 127.0.0.1 - - [08/May/2017 14:54:52] "POST /cbsd/heartbeat/ HTTP/1.1" 200 -
05/08/2017 02:54:52 PM sent flask request to engine
05/08/2017 02:54:52 PM ENodeB sent request to engine from server
05/08/2017 02:54:52 PM compare between  requested json to expected json
05/08/2017 02:54:52 PM return heart beat part of json from engine to the eNodeB
05/08/2017 02:54:52 PM response in flask OrderedDict([(u'heartbeatResponse', [OrderedDict([(u'cbsdId', u'1234567890123456789cbsdSerialNumber123'), (u'error', OrderedDict([(u'errorCode', 0)])), (u'grantId', u'8385094448610395450'), (u'operationStatusReq', True), (u'transmitExpireTime', u'2017-05-28T23:20:08Z'), (u'heartbeatDuration', 60.0)])])])
05/08/2017 02:54:52 PM 127.0.0.1 - - [08/May/2017 14:54:52] "POST /cbsd/heartbeat/ HTTP/1.1" 200 -
05/08/2017 02:54:53 PM sent flask request to engine
05/08/2017 02:54:53 PM ENodeB sent request to engine from server
05/08/2017 02:54:53 PM compare between  requested json to expected json
05/08/2017 02:54:53 PM return heart beat part of json from engine to the eNodeB
05/08/2017 02:54:53 PM response in flask OrderedDict([(u'heartbeatResponse', [OrderedDict([(u'cbsdId', u'1234567890123456789cbsdSerialNumber123'), (u'error', OrderedDict([(u'errorCode', 0)])), (u'grantId', u'8385094448610395450'), (u'operationStatusReq', True), (u'transmitExpireTime', u'2017-05-28T23:20:08Z'), (u'heartbeatDuration', 60.0)])])])
05/08/2017 02:54:53 PM 127.0.0.1 - - [08/May/2017 14:54:53] "POST /cbsd/heartbeat/ HTTP/1.1" 200 -
05/08/2017 02:54:53 PM sent flask request to engine
05/08/2017 02:54:53 PM ENodeB sent request to engine from server
05/08/2017 02:54:53 PM compare between  requested json to expected json
05/08/2017 02:54:53 PM return heart beat part of json from engine to the eNodeB
05/08/2017 02:54:53 PM response in flask OrderedDict([(u'heartbeatResponse', [OrderedDict([(u'cbsdId', u'1234567890123456789cbsdSerialNumber123'), (u'error', OrderedDict([(u'errorCode', 0)])), (u'grantId', u'8385094448610395450'), (u'operationStatusReq', True), (u'transmitExpireTime', u'2017-05-28T23:20:08Z'), (u'heartbeatDuration', 60.0)])])])
05/08/2017 02:54:53 PM 127.0.0.1 - - [08/May/2017 14:54:53] "POST /cbsd/heartbeat/ HTTP/1.1" 200 -
05/08/2017 02:54:54 PM sent flask request to engine
05/08/2017 02:54:54 PM ENodeB sent request to engine from server
05/08/2017 02:54:54 PM compare between  requested json to expected json
05/08/2017 02:54:54 PM return heart beat part of json from engine to the eNodeB
05/08/2017 02:54:54 PM response in flask OrderedDict([(u'heartbeatResponse', [OrderedDict([(u'cbsdId', u'1234567890123456789cbsdSerialNumber123'), (u'error', OrderedDict([(u'errorCode', 0)])), (u'grantId', u'8385094448610395450'), (u'operationStatusReq', True), (u'transmitExpireTime', u'2017-05-28T23:20:08Z'), (u'heartbeatDuration', 60.0)])])])
05/08/2017 02:54:54 PM 127.0.0.1 - - [08/May/2017 14:54:54] "POST /cbsd/heartbeat/ HTTP/1.1" 200 -
05/08/2017 02:54:54 PM sent flask request to engine
05/08/2017 02:54:54 PM ENodeB sent request to engine from server
05/08/2017 02:54:54 PM compare between  requested json to expected json
05/08/2017 02:54:54 PM return heart beat part of json from engine to the eNodeB
05/08/2017 02:54:54 PM response in flask OrderedDict([(u'heartbeatResponse', [OrderedDict([(u'cbsdId', u'1234567890123456789cbsdSerialNumber123'), (u'error', OrderedDict([(u'errorCode', 0)])), (u'grantId', u'8385094448610395450'), (u'operationStatusReq', True), (u'transmitExpireTime', u'2017-05-28T23:20:08Z'), (u'heartbeatDuration', 60.0)])])])
05/08/2017 02:54:54 PM 127.0.0.1 - - [08/May/2017 14:54:54] "POST /cbsd/heartbeat/ HTTP/1.1" 200 -
05/08/2017 02:54:55 PM sent flask request to engine
05/08/2017 02:54:55 PM ENodeB sent request to engine from server
05/08/2017 02:54:55 PM compare between  requested json to expected json
05/08/2017 02:54:55 PM return heart beat part of json from engine to the eNodeB
05/08/2017 02:54:55 PM response in flask OrderedDict([(u'heartbeatResponse', [OrderedDict([(u'cbsdId', u'1234567890123456789cbsdSerialNumber123'), (u'error', OrderedDict([(u'errorCode', 0)])), (u'grantId', u'8385094448610395450'), (u'operationStatusReq', True), (u'transmitExpireTime', u'2017-05-28T23:20:08Z'), (u'heartbeatDuration', 60.0)])])])
05/08/2017 02:54:55 PM 127.0.0.1 - - [08/May/2017 14:54:55] "POST /cbsd/heartbeat/ HTTP/1.1" 200 -
05/08/2017 02:54:55 PM sent flask request to engine
05/08/2017 02:54:55 PM ENodeB sent request to engine from server
05/08/2017 02:54:55 PM compare between  requested json to expected json
05/08/2017 02:54:55 PM return heart beat part of json from engine to the eNodeB
05/08/2017 02:54:55 PM response in flask OrderedDict([(u'heartbeatResponse', [OrderedDict([(u'cbsdId', u'1234567890123456789cbsdSerialNumber123'), (u'error', OrderedDict([(u'errorCode', 0)])), (u'grantId', u'8385094448610395450'), (u'operationStatusReq', True), (u'transmitExpireTime', u'2017-05-28T23:20:08Z'), (u'heartbeatDuration', 60.0)])])])
05/08/2017 02:54:55 PM 127.0.0.1 - - [08/May/2017 14:54:55] "POST /cbsd/heartbeat/ HTTP/1.1" 200 -
05/08/2017 02:54:56 PM sent flask request to engine
05/08/2017 02:54:56 PM ENodeB sent request to engine from server
05/08/2017 02:54:56 PM compare between  requested json to expected json
05/08/2017 02:54:56 PM return heart beat part of json from engine to the eNodeB
05/08/2017 02:54:56 PM response in flask OrderedDict([(u'heartbeatResponse', [OrderedDict([(u'cbsdId', u'1234567890123456789cbsdSerialNumber123'), (u'error', OrderedDict([(u'errorCode', 0)])), (u'grantId', u'8385094448610395450'), (u'operationStatusReq', True), (u'transmitExpireTime', u'2017-05-28T23:20:08Z'), (u'heartbeatDuration', 60.0)])])])
05/08/2017 02:54:56 PM 127.0.0.1 - - [08/May/2017 14:54:56] "POST /cbsd/heartbeat/ HTTP/1.1" 200 -
05/08/2017 02:54:56 PM sent flask request to engine
05/08/2017 02:54:56 PM ENodeB sent request to engine from server
05/08/2017 02:54:56 PM compare between  requested json to expected json
05/08/2017 02:54:56 PM return heart beat part of json from engine to the eNodeB
05/08/2017 02:54:56 PM response in flask OrderedDict([(u'heartbeatResponse', [OrderedDict([(u'cbsdId', u'1234567890123456789cbsdSerialNumber123'), (u'error', OrderedDict([(u'errorCode', 0)])), (u'grantId', u'8385094448610395450'), (u'operationStatusReq', True), (u'transmitExpireTime', u'2017-05-28T23:20:08Z'), (u'heartbeatDuration', 60.0)])])])
05/08/2017 02:54:56 PM 127.0.0.1 - - [08/May/2017 14:54:56] "POST /cbsd/heartbeat/ HTTP/1.1" 200 -
05/08/2017 02:54:57 PM sent flask request to engine
05/08/2017 02:54:57 PM ENodeB sent request to engine from server
05/08/2017 02:54:57 PM compare between  requested json to expected json
05/08/2017 02:54:57 PM return heart beat part of json from engine to the eNodeB
05/08/2017 02:54:57 PM response in flask OrderedDict([(u'heartbeatResponse', [OrderedDict([(u'cbsdId', u'1234567890123456789cbsdSerialNumber123'), (u'error', OrderedDict([(u'errorCode', 0)])), (u'grantId', u'8385094448610395450'), (u'operationStatusReq', True), (u'transmitExpireTime', u'2017-05-28T23:20:08Z'), (u'heartbeatDuration', 60.0)])])])
05/08/2017 02:54:57 PM 127.0.0.1 - - [08/May/2017 14:54:57] "POST /cbsd/heartbeat/ HTTP/1.1" 200 -
05/08/2017 02:54:57 PM sent flask request to engine
05/08/2017 02:54:57 PM ENodeB sent request to engine from server
05/08/2017 02:54:57 PM compare between  requested json to expected json
05/08/2017 02:54:57 PM return heart beat part of json from engine to the eNodeB
05/08/2017 02:54:57 PM response in flask OrderedDict([(u'heartbeatResponse', [OrderedDict([(u'cbsdId', u'1234567890123456789cbsdSerialNumber123'), (u'error', OrderedDict([(u'errorCode', 0)])), (u'grantId', u'8385094448610395450'), (u'operationStatusReq', True), (u'transmitExpireTime', u'2017-05-28T23:20:08Z'), (u'heartbeatDuration', 60.0)])])])
05/08/2017 02:54:57 PM 127.0.0.1 - - [08/May/2017 14:54:57] "POST /cbsd/heartbeat/ HTTP/1.1" 200 -
05/08/2017 02:54:58 PM sent flask request to engine
05/08/2017 02:54:58 PM ENodeB sent request to engine from server
05/08/2017 02:54:58 PM compare between  requested json to expected json
05/08/2017 02:54:58 PM return heart beat part of json from engine to the eNodeB
05/08/2017 02:54:58 PM response in flask OrderedDict([(u'heartbeatResponse', [OrderedDict([(u'cbsdId', u'1234567890123456789cbsdSerialNumber123'), (u'error', OrderedDict([(u'errorCode', 0)])), (u'grantId', u'8385094448610395450'), (u'operationStatusReq', True), (u'transmitExpireTime', u'2017-05-28T23:20:08Z'), (u'heartbeatDuration', 60.0)])])])
05/08/2017 02:54:58 PM 127.0.0.1 - - [08/May/2017 14:54:58] "POST /cbsd/heartbeat/ HTTP/1.1" 200 -
05/08/2017 02:54:59 PM sent flask request to engine
05/08/2017 02:54:59 PM ENodeB sent request to engine from server
05/08/2017 02:54:59 PM compare between  requested json to expected json
05/08/2017 02:54:59 PM return heart beat part of json from engine to the eNodeB
05/08/2017 02:54:59 PM response in flask OrderedDict([(u'heartbeatResponse', [OrderedDict([(u'cbsdId', u'1234567890123456789cbsdSerialNumber123'), (u'error', OrderedDict([(u'errorCode', 0)])), (u'grantId', u'8385094448610395450'), (u'operationStatusReq', True), (u'transmitExpireTime', u'2017-05-28T23:20:08Z'), (u'heartbeatDuration', 60.0)])])])
05/08/2017 02:54:59 PM 127.0.0.1 - - [08/May/2017 14:54:59] "POST /cbsd/heartbeat/ HTTP/1.1" 200 -
05/08/2017 02:54:59 PM sent flask request to engine
05/08/2017 02:54:59 PM ENodeB sent request to engine from server
05/08/2017 02:54:59 PM compare between  requested json to expected json
05/08/2017 02:54:59 PM return heart beat part of json from engine to the eNodeB
05/08/2017 02:54:59 PM response in flask OrderedDict([(u'heartbeatResponse', [OrderedDict([(u'cbsdId', u'1234567890123456789cbsdSerialNumber123'), (u'error', OrderedDict([(u'errorCode', 0)])), (u'grantId', u'8385094448610395450'), (u'operationStatusReq', True), (u'transmitExpireTime', u'2017-05-28T23:20:08Z'), (u'heartbeatDuration', 60.0)])])])
05/08/2017 02:54:59 PM 127.0.0.1 - - [08/May/2017 14:54:59] "POST /cbsd/heartbeat/ HTTP/1.1" 200 -
05/08/2017 02:54:59 PM sent flask request to engine
05/08/2017 02:54:59 PM ENodeB sent request to engine from server
05/08/2017 02:54:59 PM compare between  requested json to expected json
05/08/2017 02:54:59 PM return heart beat part of json from engine to the eNodeB
05/08/2017 02:54:59 PM response in flask OrderedDict([(u'heartbeatResponse', [OrderedDict([(u'cbsdId', u'1234567890123456789cbsdSerialNumber123'), (u'error', OrderedDict([(u'errorCode', 0)])), (u'grantId', u'8385094448610395450'), (u'operationStatusReq', True), (u'transmitExpireTime', u'2017-05-28T23:20:08Z'), (u'heartbeatDuration', 60.0)])])])
05/08/2017 02:55:00 PM 127.0.0.1 - - [08/May/2017 14:55:00] "POST /cbsd/heartbeat/ HTTP/1.1" 200 -
05/08/2017 02:55:00 PM sent flask request to engine
05/08/2017 02:55:00 PM ENodeB sent request to engine from server
05/08/2017 02:55:00 PM compare between  requested json to expected json
05/08/2017 02:55:00 PM return heart beat part of json from engine to the eNodeB
05/08/2017 02:55:00 PM response in flask OrderedDict([(u'heartbeatResponse', [OrderedDict([(u'cbsdId', u'1234567890123456789cbsdSerialNumber123'), (u'error', OrderedDict([(u'errorCode', 0)])), (u'grantId', u'8385094448610395450'), (u'operationStatusReq', True), (u'transmitExpireTime', u'2017-05-28T23:20:08Z'), (u'heartbeatDuration', 60.0)])])])
05/08/2017 02:55:00 PM 127.0.0.1 - - [08/May/2017 14:55:00] "POST /cbsd/heartbeat/ HTTP/1.1" 200 -
05/08/2017 02:55:01 PM sent flask request to engine
05/08/2017 02:55:01 PM ENodeB sent request to engine from server
05/08/2017 02:55:01 PM compare between  requested json to expected json
05/08/2017 02:55:01 PM return heart beat part of json from engine to the eNodeB
05/08/2017 02:55:01 PM response in flask OrderedDict([(u'heartbeatResponse', [OrderedDict([(u'cbsdId', u'1234567890123456789cbsdSerialNumber123'), (u'error', OrderedDict([(u'errorCode', 0)])), (u'grantId', u'8385094448610395450'), (u'operationStatusReq', True), (u'transmitExpireTime', u'2017-05-28T23:20:08Z'), (u'heartbeatDuration', 60.0)])])])
05/08/2017 02:55:01 PM 127.0.0.1 - - [08/May/2017 14:55:01] "POST /cbsd/heartbeat/ HTTP/1.1" 200 -
05/08/2017 02:55:02 PM sent flask request to engine
05/08/2017 02:55:02 PM ENodeB sent request to engine from server
05/08/2017 02:55:02 PM response in flask An Error occurred while comparing between actual and expected request
05/08/2017 02:55:02 PM 127.0.0.1 - - [08/May/2017 14:55:02] "POST /cbsd/heartbeat/ HTTP/1.1" 302 -
05/08/2017 02:55:02 PM 127.0.0.1 - - [08/May/2017 14:55:02] "GET /shutdown?validationMessage=An+Error+occurred+while+comparing+between+actual+and+expected+request HTTP/1.1" 400 -
05/08/2017 02:55:02 PM Session user will now close
05/08/2017 02:55:04 PM Session user will now close
05/08/2017 02:55:04 PM An Error occurred while comparing between actual and expected request
