05/08/2017 02:43:32 PM Start of the test
05/08/2017 02:43:34 PM the selected test from the user is : exampleTestWithRegistration.csv
05/08/2017 02:43:34 PM init the test definition by the test steps sent from the user
05/08/2017 02:43:34 PM  * Running on http://127.0.0.1:5000/ (Press CTRL+C to quit)
05/08/2017 02:43:37 PM sent flask request to engine
05/08/2017 02:43:37 PM ENodeB sent request to engine from server
05/08/2017 02:43:37 PM compare between  requested json to expected json
05/08/2017 02:43:37 PM return heart beat part of json from engine to the eNodeB
05/08/2017 02:43:37 PM response in flask OrderedDict([(u'heartbeatResponse', [OrderedDict([(u'cbsdId', u'1234567890123456789cbsdSerialNumber123'), (u'error', OrderedDict([(u'errorCode', 0)])), (u'grantId', u'8385094448610395450'), (u'operationStatusReq', True), (u'transmitExpireTime', u'2017-05-28T23:20:08Z'), (u'heartbeatDuration', 60.0)])])])
05/08/2017 02:43:37 PM 127.0.0.1 - - [08/May/2017 14:43:37] "POST /cbsd/heartbeat/ HTTP/1.1" 200 -
05/08/2017 02:43:57 PM sent flask request to engine
05/08/2017 02:43:57 PM ENodeB sent request to engine from server
05/08/2017 02:43:57 PM compare between  requested json to expected json
05/08/2017 02:43:57 PM return heart beat part of json from engine to the eNodeB
05/08/2017 02:43:57 PM response in flask OrderedDict([(u'heartbeatResponse', [OrderedDict([(u'cbsdId', u'1234567890123456789cbsdSerialNumber123'), (u'error', OrderedDict([(u'errorCode', 0)])), (u'grantId', u'8385094448610395450'), (u'operationStatusReq', True), (u'transmitExpireTime', u'2017-05-28T23:20:08Z'), (u'heartbeatDuration', 60.0)])])])
05/08/2017 02:43:57 PM 127.0.0.1 - - [08/May/2017 14:43:57] "POST /cbsd/heartbeat/ HTTP/1.1" 200 -
05/08/2017 02:43:58 PM sent flask request to engine
05/08/2017 02:43:58 PM ENodeB sent request to engine from server
05/08/2017 02:43:58 PM compare between  requested json to expected json
05/08/2017 02:43:58 PM return heart beat part of json from engine to the eNodeB
05/08/2017 02:43:58 PM response in flask OrderedDict([(u'heartbeatResponse', [OrderedDict([(u'cbsdId', u'1234567890123456789cbsdSerialNumber123'), (u'error', OrderedDict([(u'errorCode', 0)])), (u'grantId', u'8385094448610395450'), (u'operationStatusReq', True), (u'transmitExpireTime', u'2017-05-28T23:20:08Z'), (u'heartbeatDuration', 60.0)])])])
05/08/2017 02:43:58 PM 127.0.0.1 - - [08/May/2017 14:43:58] "POST /cbsd/heartbeat/ HTTP/1.1" 200 -
05/08/2017 02:43:59 PM sent flask request to engine
05/08/2017 02:43:59 PM ENodeB sent request to engine from server
05/08/2017 02:43:59 PM compare between  requested json to expected json
05/08/2017 02:43:59 PM return heart beat part of json from engine to the eNodeB
05/08/2017 02:43:59 PM response in flask OrderedDict([(u'heartbeatResponse', [OrderedDict([(u'cbsdId', u'1234567890123456789cbsdSerialNumber123'), (u'error', OrderedDict([(u'errorCode', 0)])), (u'grantId', u'8385094448610395450'), (u'operationStatusReq', True), (u'transmitExpireTime', u'2017-05-28T23:20:08Z'), (u'heartbeatDuration', 60.0)])])])
05/08/2017 02:43:59 PM 127.0.0.1 - - [08/May/2017 14:43:59] "POST /cbsd/heartbeat/ HTTP/1.1" 200 -
05/08/2017 02:44:00 PM sent flask request to engine
05/08/2017 02:44:00 PM ENodeB sent request to engine from server
05/08/2017 02:44:00 PM compare between  requested json to expected json
05/08/2017 02:44:00 PM return heart beat part of json from engine to the eNodeB
05/08/2017 02:44:00 PM response in flask OrderedDict([(u'heartbeatResponse', [OrderedDict([(u'cbsdId', u'1234567890123456789cbsdSerialNumber123'), (u'error', OrderedDict([(u'errorCode', 0)])), (u'grantId', u'8385094448610395450'), (u'operationStatusReq', True), (u'transmitExpireTime', u'2017-05-28T23:20:08Z'), (u'heartbeatDuration', 60.0)])])])
05/08/2017 02:44:00 PM 127.0.0.1 - - [08/May/2017 14:44:00] "POST /cbsd/heartbeat/ HTTP/1.1" 200 -
05/08/2017 02:44:01 PM sent flask request to engine
05/08/2017 02:44:01 PM ENodeB sent request to engine from server
05/08/2017 02:44:01 PM compare between  requested json to expected json
05/08/2017 02:44:01 PM return heart beat part of json from engine to the eNodeB
05/08/2017 02:44:01 PM response in flask OrderedDict([(u'heartbeatResponse', [OrderedDict([(u'cbsdId', u'1234567890123456789cbsdSerialNumber123'), (u'error', OrderedDict([(u'errorCode', 0)])), (u'grantId', u'8385094448610395450'), (u'operationStatusReq', True), (u'transmitExpireTime', u'2017-05-28T23:20:08Z'), (u'heartbeatDuration', 60.0)])])])
05/08/2017 02:44:01 PM 127.0.0.1 - - [08/May/2017 14:44:01] "POST /cbsd/heartbeat/ HTTP/1.1" 200 -
05/08/2017 02:44:07 PM sent flask request to engine
05/08/2017 02:44:07 PM ENodeB sent request to engine from server
05/08/2017 02:44:07 PM compare between  requested json to expected json
05/08/2017 02:44:07 PM return heart beat part of json from engine to the eNodeB
05/08/2017 02:44:07 PM response in flask OrderedDict([(u'heartbeatResponse', [OrderedDict([(u'cbsdId', u'1234567890123456789cbsdSerialNumber123'), (u'error', OrderedDict([(u'errorCode', 0)])), (u'grantId', u'8385094448610395450'), (u'operationStatusReq', True), (u'transmitExpireTime', u'2017-05-28T23:20:08Z'), (u'heartbeatDuration', 60.0)])])])
05/08/2017 02:44:07 PM 127.0.0.1 - - [08/May/2017 14:44:07] "POST /cbsd/heartbeat/ HTTP/1.1" 200 -
05/08/2017 02:44:07 PM sent flask request to engine
05/08/2017 02:44:07 PM ENodeB sent request to engine from server
05/08/2017 02:44:07 PM compare between  requested json to expected json
05/08/2017 02:44:07 PM return heart beat part of json from engine to the eNodeB
05/08/2017 02:44:07 PM response in flask OrderedDict([(u'heartbeatResponse', [OrderedDict([(u'cbsdId', u'1234567890123456789cbsdSerialNumber123'), (u'error', OrderedDict([(u'errorCode', 0)])), (u'grantId', u'8385094448610395450'), (u'operationStatusReq', True), (u'transmitExpireTime', u'2017-05-28T23:20:08Z'), (u'heartbeatDuration', 60.0)])])])
05/08/2017 02:44:07 PM 127.0.0.1 - - [08/May/2017 14:44:07] "POST /cbsd/heartbeat/ HTTP/1.1" 200 -
05/08/2017 02:44:07 PM sent flask request to engine
05/08/2017 02:44:07 PM ENodeB sent request to engine from server
05/08/2017 02:44:07 PM compare between  requested json to expected json
05/08/2017 02:44:07 PM return heart beat part of json from engine to the eNodeB
05/08/2017 02:44:07 PM response in flask OrderedDict([(u'heartbeatResponse', [OrderedDict([(u'cbsdId', u'1234567890123456789cbsdSerialNumber123'), (u'error', OrderedDict([(u'errorCode', 0)])), (u'grantId', u'8385094448610395450'), (u'operationStatusReq', True), (u'transmitExpireTime', u'2017-05-28T23:20:08Z'), (u'heartbeatDuration', 60.0)])])])
05/08/2017 02:44:07 PM 127.0.0.1 - - [08/May/2017 14:44:07] "POST /cbsd/heartbeat/ HTTP/1.1" 200 -
05/08/2017 02:44:08 PM sent flask request to engine
05/08/2017 02:44:08 PM ENodeB sent request to engine from server
05/08/2017 02:44:08 PM compare between  requested json to expected json
05/08/2017 02:44:08 PM return heart beat part of json from engine to the eNodeB
05/08/2017 02:44:08 PM response in flask OrderedDict([(u'heartbeatResponse', [OrderedDict([(u'cbsdId', u'1234567890123456789cbsdSerialNumber123'), (u'error', OrderedDict([(u'errorCode', 0)])), (u'grantId', u'8385094448610395450'), (u'operationStatusReq', True), (u'transmitExpireTime', u'2017-05-28T23:20:08Z'), (u'heartbeatDuration', 60.0)])])])
05/08/2017 02:44:08 PM 127.0.0.1 - - [08/May/2017 14:44:08] "POST /cbsd/heartbeat/ HTTP/1.1" 200 -
05/08/2017 02:44:08 PM sent flask request to engine
05/08/2017 02:44:08 PM ENodeB sent request to engine from server
05/08/2017 02:44:08 PM compare between  requested json to expected json
05/08/2017 02:44:08 PM return heart beat part of json from engine to the eNodeB
05/08/2017 02:44:08 PM response in flask OrderedDict([(u'heartbeatResponse', [OrderedDict([(u'cbsdId', u'1234567890123456789cbsdSerialNumber123'), (u'error', OrderedDict([(u'errorCode', 0)])), (u'grantId', u'8385094448610395450'), (u'operationStatusReq', True), (u'transmitExpireTime', u'2017-05-28T23:20:08Z'), (u'heartbeatDuration', 60.0)])])])
05/08/2017 02:44:08 PM 127.0.0.1 - - [08/May/2017 14:44:08] "POST /cbsd/heartbeat/ HTTP/1.1" 200 -
05/08/2017 02:44:08 PM sent flask request to engine
05/08/2017 02:44:08 PM ENodeB sent request to engine from server
05/08/2017 02:44:08 PM compare between  requested json to expected json
05/08/2017 02:44:08 PM return heart beat part of json from engine to the eNodeB
05/08/2017 02:44:08 PM response in flask OrderedDict([(u'heartbeatResponse', [OrderedDict([(u'cbsdId', u'1234567890123456789cbsdSerialNumber123'), (u'error', OrderedDict([(u'errorCode', 0)])), (u'grantId', u'8385094448610395450'), (u'operationStatusReq', True), (u'transmitExpireTime', u'2017-05-28T23:20:08Z'), (u'heartbeatDuration', 60.0)])])])
05/08/2017 02:44:08 PM 127.0.0.1 - - [08/May/2017 14:44:08] "POST /cbsd/heartbeat/ HTTP/1.1" 200 -
05/08/2017 02:44:09 PM sent flask request to engine
05/08/2017 02:44:09 PM ENodeB sent request to engine from server
05/08/2017 02:44:09 PM compare between  requested json to expected json
05/08/2017 02:44:09 PM return heart beat part of json from engine to the eNodeB
05/08/2017 02:44:09 PM response in flask OrderedDict([(u'heartbeatResponse', [OrderedDict([(u'cbsdId', u'1234567890123456789cbsdSerialNumber123'), (u'error', OrderedDict([(u'errorCode', 0)])), (u'grantId', u'8385094448610395450'), (u'operationStatusReq', True), (u'transmitExpireTime', u'2017-05-28T23:20:08Z'), (u'heartbeatDuration', 60.0)])])])
05/08/2017 02:44:09 PM 127.0.0.1 - - [08/May/2017 14:44:09] "POST /cbsd/heartbeat/ HTTP/1.1" 200 -
05/08/2017 02:44:09 PM sent flask request to engine
05/08/2017 02:44:09 PM ENodeB sent request to engine from server
05/08/2017 02:44:09 PM compare between  requested json to expected json
05/08/2017 02:44:09 PM return heart beat part of json from engine to the eNodeB
05/08/2017 02:44:09 PM response in flask OrderedDict([(u'heartbeatResponse', [OrderedDict([(u'cbsdId', u'1234567890123456789cbsdSerialNumber123'), (u'error', OrderedDict([(u'errorCode', 0)])), (u'grantId', u'8385094448610395450'), (u'operationStatusReq', True), (u'transmitExpireTime', u'2017-05-28T23:20:08Z'), (u'heartbeatDuration', 60.0)])])])
05/08/2017 02:44:09 PM 127.0.0.1 - - [08/May/2017 14:44:09] "POST /cbsd/heartbeat/ HTTP/1.1" 200 -
05/08/2017 02:44:10 PM sent flask request to engine
05/08/2017 02:44:10 PM ENodeB sent request to engine from server
05/08/2017 02:44:10 PM compare between  requested json to expected json
05/08/2017 02:44:10 PM return heart beat part of json from engine to the eNodeB
05/08/2017 02:44:10 PM response in flask OrderedDict([(u'heartbeatResponse', [OrderedDict([(u'cbsdId', u'1234567890123456789cbsdSerialNumber123'), (u'error', OrderedDict([(u'errorCode', 0)])), (u'grantId', u'8385094448610395450'), (u'operationStatusReq', True), (u'transmitExpireTime', u'2017-05-28T23:20:08Z'), (u'heartbeatDuration', 60.0)])])])
05/08/2017 02:44:10 PM 127.0.0.1 - - [08/May/2017 14:44:10] "POST /cbsd/heartbeat/ HTTP/1.1" 200 -
05/08/2017 02:44:10 PM sent flask request to engine
05/08/2017 02:44:10 PM ENodeB sent request to engine from server
05/08/2017 02:44:10 PM compare between  requested json to expected json
05/08/2017 02:44:10 PM return heart beat part of json from engine to the eNodeB
05/08/2017 02:44:10 PM response in flask OrderedDict([(u'heartbeatResponse', [OrderedDict([(u'cbsdId', u'1234567890123456789cbsdSerialNumber123'), (u'error', OrderedDict([(u'errorCode', 0)])), (u'grantId', u'8385094448610395450'), (u'operationStatusReq', True), (u'transmitExpireTime', u'2017-05-28T23:20:08Z'), (u'heartbeatDuration', 60.0)])])])
05/08/2017 02:44:10 PM 127.0.0.1 - - [08/May/2017 14:44:10] "POST /cbsd/heartbeat/ HTTP/1.1" 200 -
05/08/2017 02:44:11 PM sent flask request to engine
05/08/2017 02:44:11 PM ENodeB sent request to engine from server
05/08/2017 02:44:11 PM compare between  requested json to expected json
05/08/2017 02:44:11 PM return heart beat part of json from engine to the eNodeB
05/08/2017 02:44:11 PM response in flask OrderedDict([(u'heartbeatResponse', [OrderedDict([(u'cbsdId', u'1234567890123456789cbsdSerialNumber123'), (u'error', OrderedDict([(u'errorCode', 0)])), (u'grantId', u'8385094448610395450'), (u'operationStatusReq', True), (u'transmitExpireTime', u'2017-05-28T23:20:08Z'), (u'heartbeatDuration', 60.0)])])])
05/08/2017 02:44:11 PM 127.0.0.1 - - [08/May/2017 14:44:11] "POST /cbsd/heartbeat/ HTTP/1.1" 200 -
05/08/2017 02:44:11 PM sent flask request to engine
05/08/2017 02:44:11 PM ENodeB sent request to engine from server
05/08/2017 02:44:11 PM compare between  requested json to expected json
05/08/2017 02:44:11 PM return heart beat part of json from engine to the eNodeB
05/08/2017 02:44:11 PM response in flask OrderedDict([(u'heartbeatResponse', [OrderedDict([(u'cbsdId', u'1234567890123456789cbsdSerialNumber123'), (u'error', OrderedDict([(u'errorCode', 0)])), (u'grantId', u'8385094448610395450'), (u'operationStatusReq', True), (u'transmitExpireTime', u'2017-05-28T23:20:08Z'), (u'heartbeatDuration', 60.0)])])])
05/08/2017 02:44:11 PM 127.0.0.1 - - [08/May/2017 14:44:11] "POST /cbsd/heartbeat/ HTTP/1.1" 200 -
05/08/2017 02:44:11 PM sent flask request to engine
05/08/2017 02:44:11 PM ENodeB sent request to engine from server
05/08/2017 02:44:11 PM compare between  requested json to expected json
05/08/2017 02:44:11 PM return heart beat part of json from engine to the eNodeB
05/08/2017 02:44:11 PM response in flask OrderedDict([(u'heartbeatResponse', [OrderedDict([(u'cbsdId', u'1234567890123456789cbsdSerialNumber123'), (u'error', OrderedDict([(u'errorCode', 0)])), (u'grantId', u'8385094448610395450'), (u'operationStatusReq', True), (u'transmitExpireTime', u'2017-05-28T23:20:08Z'), (u'heartbeatDuration', 60.0)])])])
05/08/2017 02:44:11 PM 127.0.0.1 - - [08/May/2017 14:44:11] "POST /cbsd/heartbeat/ HTTP/1.1" 200 -
05/08/2017 02:44:12 PM sent flask request to engine
05/08/2017 02:44:12 PM ENodeB sent request to engine from server
05/08/2017 02:44:12 PM compare between  requested json to expected json
05/08/2017 02:44:12 PM return heart beat part of json from engine to the eNodeB
05/08/2017 02:44:12 PM response in flask OrderedDict([(u'heartbeatResponse', [OrderedDict([(u'cbsdId', u'1234567890123456789cbsdSerialNumber123'), (u'error', OrderedDict([(u'errorCode', 0)])), (u'grantId', u'8385094448610395450'), (u'operationStatusReq', True), (u'transmitExpireTime', u'2017-05-28T23:20:08Z'), (u'heartbeatDuration', 60.0)])])])
05/08/2017 02:44:12 PM 127.0.0.1 - - [08/May/2017 14:44:12] "POST /cbsd/heartbeat/ HTTP/1.1" 200 -
05/08/2017 02:44:12 PM sent flask request to engine
05/08/2017 02:44:12 PM ENodeB sent request to engine from server
05/08/2017 02:44:12 PM compare between  requested json to expected json
05/08/2017 02:44:12 PM return heart beat part of json from engine to the eNodeB
05/08/2017 02:44:12 PM response in flask OrderedDict([(u'heartbeatResponse', [OrderedDict([(u'cbsdId', u'1234567890123456789cbsdSerialNumber123'), (u'error', OrderedDict([(u'errorCode', 0)])), (u'grantId', u'8385094448610395450'), (u'operationStatusReq', True), (u'transmitExpireTime', u'2017-05-28T23:20:08Z'), (u'heartbeatDuration', 60.0)])])])
05/08/2017 02:44:12 PM 127.0.0.1 - - [08/May/2017 14:44:12] "POST /cbsd/heartbeat/ HTTP/1.1" 200 -
05/08/2017 02:44:12 PM sent flask request to engine
05/08/2017 02:44:12 PM ENodeB sent request to engine from server
05/08/2017 02:44:12 PM compare between  requested json to expected json
05/08/2017 02:44:12 PM return heart beat part of json from engine to the eNodeB
05/08/2017 02:44:12 PM response in flask OrderedDict([(u'heartbeatResponse', [OrderedDict([(u'cbsdId', u'1234567890123456789cbsdSerialNumber123'), (u'error', OrderedDict([(u'errorCode', 0)])), (u'grantId', u'8385094448610395450'), (u'operationStatusReq', True), (u'transmitExpireTime', u'2017-05-28T23:20:08Z'), (u'heartbeatDuration', 60.0)])])])
05/08/2017 02:44:12 PM 127.0.0.1 - - [08/May/2017 14:44:12] "POST /cbsd/heartbeat/ HTTP/1.1" 200 -
05/08/2017 02:44:13 PM sent flask request to engine
05/08/2017 02:44:13 PM ENodeB sent request to engine from server
05/08/2017 02:44:13 PM compare between  requested json to expected json
05/08/2017 02:44:13 PM return heart beat part of json from engine to the eNodeB
05/08/2017 02:44:13 PM response in flask OrderedDict([(u'heartbeatResponse', [OrderedDict([(u'cbsdId', u'1234567890123456789cbsdSerialNumber123'), (u'error', OrderedDict([(u'errorCode', 0)])), (u'grantId', u'8385094448610395450'), (u'operationStatusReq', True), (u'transmitExpireTime', u'2017-05-28T23:20:08Z'), (u'heartbeatDuration', 60.0)])])])
05/08/2017 02:44:13 PM 127.0.0.1 - - [08/May/2017 14:44:13] "POST /cbsd/heartbeat/ HTTP/1.1" 200 -
05/08/2017 02:44:24 PM sent flask request to engine
05/08/2017 02:44:24 PM ENodeB sent request to engine from server
05/08/2017 02:44:24 PM compare between  requested json to expected json
05/08/2017 02:44:24 PM return heart beat part of json from engine to the eNodeB
05/08/2017 02:44:24 PM response in flask OrderedDict([(u'heartbeatResponse', [OrderedDict([(u'cbsdId', u'1234567890123456789cbsdSerialNumber123'), (u'error', OrderedDict([(u'errorCode', 0)])), (u'grantId', u'8385094448610395450'), (u'operationStatusReq', True), (u'transmitExpireTime', u'2017-05-28T23:20:08Z'), (u'heartbeatDuration', 60.0)])])])
05/08/2017 02:44:24 PM 127.0.0.1 - - [08/May/2017 14:44:24] "POST /cbsd/heartbeat/ HTTP/1.1" 200 -
05/08/2017 02:44:25 PM sent flask request to engine
05/08/2017 02:44:25 PM ENodeB sent request to engine from server
05/08/2017 02:44:25 PM compare between  requested json to expected json
05/08/2017 02:44:25 PM return heart beat part of json from engine to the eNodeB
05/08/2017 02:44:25 PM response in flask OrderedDict([(u'heartbeatResponse', [OrderedDict([(u'cbsdId', u'1234567890123456789cbsdSerialNumber123'), (u'error', OrderedDict([(u'errorCode', 0)])), (u'grantId', u'8385094448610395450'), (u'operationStatusReq', True), (u'transmitExpireTime', u'2017-05-28T23:20:08Z'), (u'heartbeatDuration', 60.0)])])])
05/08/2017 02:44:25 PM 127.0.0.1 - - [08/May/2017 14:44:25] "POST /cbsd/heartbeat/ HTTP/1.1" 200 -
05/08/2017 02:44:26 PM sent flask request to engine
05/08/2017 02:44:26 PM ENodeB sent request to engine from server
05/08/2017 02:44:26 PM compare between  requested json to expected json
05/08/2017 02:44:26 PM return heart beat part of json from engine to the eNodeB
05/08/2017 02:44:26 PM response in flask OrderedDict([(u'heartbeatResponse', [OrderedDict([(u'cbsdId', u'1234567890123456789cbsdSerialNumber123'), (u'error', OrderedDict([(u'errorCode', 0)])), (u'grantId', u'8385094448610395450'), (u'operationStatusReq', True), (u'transmitExpireTime', u'2017-05-28T23:20:08Z'), (u'heartbeatDuration', 60.0)])])])
05/08/2017 02:44:26 PM 127.0.0.1 - - [08/May/2017 14:44:26] "POST /cbsd/heartbeat/ HTTP/1.1" 200 -
05/08/2017 02:44:34 PM sent flask request to engine
05/08/2017 02:44:34 PM ENodeB sent request to engine from server
05/08/2017 02:44:34 PM compare between  requested json to expected json
05/08/2017 02:44:34 PM return heart beat part of json from engine to the eNodeB
05/08/2017 02:44:34 PM response in flask OrderedDict([(u'heartbeatResponse', [OrderedDict([(u'cbsdId', u'1234567890123456789cbsdSerialNumber123'), (u'error', OrderedDict([(u'errorCode', 0)])), (u'grantId', u'8385094448610395450'), (u'operationStatusReq', True), (u'transmitExpireTime', u'2017-05-28T23:20:08Z'), (u'heartbeatDuration', 60.0)])])])
05/08/2017 02:44:34 PM 127.0.0.1 - - [08/May/2017 14:44:34] "POST /cbsd/heartbeat/ HTTP/1.1" 200 -
05/08/2017 02:44:35 PM sent flask request to engine
05/08/2017 02:44:35 PM ENodeB sent request to engine from server
05/08/2017 02:44:35 PM compare between  requested json to expected json
05/08/2017 02:44:35 PM return heart beat part of json from engine to the eNodeB
05/08/2017 02:44:35 PM response in flask OrderedDict([(u'heartbeatResponse', [OrderedDict([(u'cbsdId', u'1234567890123456789cbsdSerialNumber123'), (u'error', OrderedDict([(u'errorCode', 0)])), (u'grantId', u'8385094448610395450'), (u'operationStatusReq', True), (u'transmitExpireTime', u'2017-05-28T23:20:08Z'), (u'heartbeatDuration', 60.0)])])])
05/08/2017 02:44:35 PM 127.0.0.1 - - [08/May/2017 14:44:35] "POST /cbsd/heartbeat/ HTTP/1.1" 200 -
05/08/2017 02:44:36 PM sent flask request to engine
05/08/2017 02:44:36 PM ENodeB sent request to engine from server
05/08/2017 02:44:36 PM compare between  requested json to expected json
05/08/2017 02:44:36 PM return heart beat part of json from engine to the eNodeB
05/08/2017 02:44:36 PM response in flask OrderedDict([(u'heartbeatResponse', [OrderedDict([(u'cbsdId', u'1234567890123456789cbsdSerialNumber123'), (u'error', OrderedDict([(u'errorCode', 0)])), (u'grantId', u'8385094448610395450'), (u'operationStatusReq', True), (u'transmitExpireTime', u'2017-05-28T23:20:08Z'), (u'heartbeatDuration', 60.0)])])])
05/08/2017 02:44:36 PM 127.0.0.1 - - [08/May/2017 14:44:36] "POST /cbsd/heartbeat/ HTTP/1.1" 200 -
05/08/2017 02:44:57 PM sent flask request to engine
05/08/2017 02:44:57 PM ENodeB sent request to engine from server
05/08/2017 02:44:57 PM compare between  requested json to expected json
05/08/2017 02:44:57 PM return heart beat part of json from engine to the eNodeB
05/08/2017 02:44:57 PM response in flask OrderedDict([(u'heartbeatResponse', [OrderedDict([(u'cbsdId', u'1234567890123456789cbsdSerialNumber123'), (u'error', OrderedDict([(u'errorCode', 0)])), (u'grantId', u'8385094448610395450'), (u'operationStatusReq', True), (u'transmitExpireTime', u'2017-05-28T23:20:08Z'), (u'heartbeatDuration', 60.0)])])])
05/08/2017 02:44:57 PM 127.0.0.1 - - [08/May/2017 14:44:57] "POST /cbsd/heartbeat/ HTTP/1.1" 200 -
05/08/2017 02:44:58 PM sent flask request to engine
05/08/2017 02:44:58 PM ENodeB sent request to engine from server
05/08/2017 02:44:58 PM compare between  requested json to expected json
05/08/2017 02:44:58 PM return heart beat part of json from engine to the eNodeB
05/08/2017 02:44:58 PM response in flask OrderedDict([(u'heartbeatResponse', [OrderedDict([(u'cbsdId', u'1234567890123456789cbsdSerialNumber123'), (u'error', OrderedDict([(u'errorCode', 0)])), (u'grantId', u'8385094448610395450'), (u'operationStatusReq', True), (u'transmitExpireTime', u'2017-05-28T23:20:08Z'), (u'heartbeatDuration', 60.0)])])])
05/08/2017 02:44:58 PM 127.0.0.1 - - [08/May/2017 14:44:58] "POST /cbsd/heartbeat/ HTTP/1.1" 200 -
05/08/2017 02:44:59 PM sent flask request to engine
05/08/2017 02:44:59 PM ENodeB sent request to engine from server
05/08/2017 02:44:59 PM compare between  requested json to expected json
05/08/2017 02:44:59 PM return heart beat part of json from engine to the eNodeB
05/08/2017 02:44:59 PM response in flask OrderedDict([(u'heartbeatResponse', [OrderedDict([(u'cbsdId', u'1234567890123456789cbsdSerialNumber123'), (u'error', OrderedDict([(u'errorCode', 0)])), (u'grantId', u'8385094448610395450'), (u'operationStatusReq', True), (u'transmitExpireTime', u'2017-05-28T23:20:08Z'), (u'heartbeatDuration', 60.0)])])])
05/08/2017 02:44:59 PM 127.0.0.1 - - [08/May/2017 14:44:59] "POST /cbsd/heartbeat/ HTTP/1.1" 200 -
