05/08/2017 03:09:04 PM Start of the test
05/08/2017 03:09:13 PM the selected test from the user is : exampleTestWithRegistration.csv
05/08/2017 03:09:13 PM init the test definition by the test steps sent from the user
05/08/2017 03:09:13 PM  * Running on http://70.14.0.72:5000/ (Press CTRL+C to quit)
05/08/2017 03:10:31 PM sent flask request to engine
05/08/2017 03:10:31 PM ENodeB sent request to engine from server
05/08/2017 03:10:31 PM compare between  requested json to expected json
05/08/2017 03:10:31 PM response in flask OrderedDict([(u'registrationResponse', [OrderedDict([(u'cbsdId', u'1234567890123456789cbsdSerialNumber123'), (u'error', OrderedDict([(u'errorCode', 0)]))])])])
05/08/2017 03:10:31 PM 70.14.0.218 - - [08/May/2017 15:10:31] "POST /cbsd/registration/ HTTP/1.1" 200 -
05/08/2017 03:10:31 PM sent flask request to engine
05/08/2017 03:10:31 PM ENodeB sent request to engine from server
05/08/2017 03:10:31 PM compare between  requested json to expected json
05/08/2017 03:10:31 PM response in flask OrderedDict([(u'spectrumInquiryResponse', [OrderedDict([(u'cbsdId', u'1234567890123456789cbsdSerialNumber123'), (u'error', OrderedDict([(u'errorCode', 0)])), (u'availableChannel', [OrderedDict([(u'frequencyRange', OrderedDict([(u'lowFrequency', 3550000000L), (u'highFrequency', 3600000000L)])), (u'channelType', u'PAL'), (u'ruleApplied', u'FCC Part 96')])])])])])
05/08/2017 03:10:31 PM 70.14.0.218 - - [08/May/2017 15:10:31] "POST /cbsd/spectrumInquiry/ HTTP/1.1" 200 -
05/08/2017 03:10:31 PM sent flask request to engine
05/08/2017 03:10:31 PM ENodeB sent request to engine from server
05/08/2017 03:10:31 PM compare between  requested json to expected json
05/08/2017 03:10:31 PM response in flask OrderedDict([(u'grantResponse', [OrderedDict([(u'cbsdId', u'1234567890123456789cbsdSerialNumber123'), (u'error', OrderedDict([(u'errorCode', 0)])), (u'grantId', u'8385094448610395450'), (u'grantExpireTime', u'2017-05-28T23:20:08Z'), (u'heartbeatDuration', 60.0)])])])
05/08/2017 03:10:31 PM 70.14.0.218 - - [08/May/2017 15:10:31] "POST /cbsd/grant/ HTTP/1.1" 200 -
05/08/2017 03:10:31 PM sent flask request to engine
05/08/2017 03:10:31 PM ENodeB sent request to engine from server
05/08/2017 03:10:31 PM compare between  requested json to expected json
05/08/2017 03:10:31 PM return heart beat part of json from engine to the eNodeB
05/08/2017 03:10:31 PM response in flask OrderedDict([(u'heartbeatResponse', [OrderedDict([(u'cbsdId', u'1234567890123456789cbsdSerialNumber123'), (u'error', OrderedDict([(u'errorCode', 0)])), (u'grantId', u'8385094448610395450'), (u'operationStatusReq', True), (u'transmitExpireTime', u'2017-05-28T23:20:08Z'), (u'heartbeatDuration', 60.0)])])])
05/08/2017 03:10:31 PM 70.14.0.218 - - [08/May/2017 15:10:31] "POST /cbsd/heartbeat/ HTTP/1.1" 200 -
05/08/2017 03:11:32 PM sent flask request to engine
05/08/2017 03:11:32 PM ENodeB sent request to engine from server
05/08/2017 03:11:32 PM compare between  requested json to expected json
05/08/2017 03:11:32 PM return heart beat part of json from engine to the eNodeB
05/08/2017 03:11:32 PM response in flask OrderedDict([(u'heartbeatResponse', [OrderedDict([(u'cbsdId', u'1234567890123456789cbsdSerialNumber123'), (u'error', OrderedDict([(u'errorCode', 0)])), (u'grantId', u'8385094448610395450'), (u'operationStatusReq', True), (u'transmitExpireTime', u'2017-05-28T23:20:08Z'), (u'heartbeatDuration', 60.0)])])])
05/08/2017 03:11:32 PM 70.14.0.218 - - [08/May/2017 15:11:32] "POST /cbsd/heartbeat/ HTTP/1.1" 200 -
05/08/2017 03:12:32 PM sent flask request to engine
05/08/2017 03:12:32 PM ENodeB sent request to engine from server
05/08/2017 03:12:32 PM compare between  requested json to expected json
05/08/2017 03:12:32 PM return heart beat part of json from engine to the eNodeB
05/08/2017 03:12:32 PM response in flask OrderedDict([(u'heartbeatResponse', [OrderedDict([(u'cbsdId', u'1234567890123456789cbsdSerialNumber123'), (u'error', OrderedDict([(u'errorCode', 0)])), (u'grantId', u'8385094448610395450'), (u'operationStatusReq', True), (u'transmitExpireTime', u'2017-05-28T23:20:08Z'), (u'heartbeatDuration', 60.0)])])])
05/08/2017 03:12:32 PM 70.14.0.218 - - [08/May/2017 15:12:32] "POST /cbsd/heartbeat/ HTTP/1.1" 200 -
05/08/2017 03:13:32 PM sent flask request to engine
05/08/2017 03:13:32 PM ENodeB sent request to engine from server
05/08/2017 03:13:32 PM compare between  requested json to expected json
05/08/2017 03:13:32 PM return heart beat part of json from engine to the eNodeB
05/08/2017 03:13:32 PM response in flask OrderedDict([(u'heartbeatResponse', [OrderedDict([(u'cbsdId', u'1234567890123456789cbsdSerialNumber123'), (u'error', OrderedDict([(u'errorCode', 0)])), (u'grantId', u'8385094448610395450'), (u'operationStatusReq', True), (u'transmitExpireTime', u'2017-05-28T23:20:08Z'), (u'heartbeatDuration', 60.0)])])])
05/08/2017 03:13:32 PM 70.14.0.218 - - [08/May/2017 15:13:32] "POST /cbsd/heartbeat/ HTTP/1.1" 200 -
05/08/2017 03:14:32 PM sent flask request to engine
05/08/2017 03:14:32 PM ENodeB sent request to engine from server
05/08/2017 03:14:32 PM compare between  requested json to expected json
05/08/2017 03:14:32 PM return heart beat part of json from engine to the eNodeB
05/08/2017 03:14:32 PM response in flask OrderedDict([(u'heartbeatResponse', [OrderedDict([(u'cbsdId', u'1234567890123456789cbsdSerialNumber123'), (u'error', OrderedDict([(u'errorCode', 0)])), (u'grantId', u'8385094448610395450'), (u'operationStatusReq', True), (u'transmitExpireTime', u'2017-05-28T23:20:08Z'), (u'heartbeatDuration', 60.0)])])])
05/08/2017 03:14:32 PM 70.14.0.218 - - [08/May/2017 15:14:32] "POST /cbsd/heartbeat/ HTTP/1.1" 200 -
05/08/2017 03:15:32 PM sent flask request to engine
05/08/2017 03:15:32 PM ENodeB sent request to engine from server
05/08/2017 03:15:32 PM compare between  requested json to expected json
05/08/2017 03:15:32 PM return heart beat part of json from engine to the eNodeB
05/08/2017 03:15:32 PM response in flask OrderedDict([(u'heartbeatResponse', [OrderedDict([(u'cbsdId', u'1234567890123456789cbsdSerialNumber123'), (u'error', OrderedDict([(u'errorCode', 0)])), (u'grantId', u'8385094448610395450'), (u'operationStatusReq', True), (u'transmitExpireTime', u'2017-05-28T23:20:08Z'), (u'heartbeatDuration', 60.0)])])])
05/08/2017 03:15:32 PM 70.14.0.218 - - [08/May/2017 15:15:32] "POST /cbsd/heartbeat/ HTTP/1.1" 200 -
