05/08/2017 01:16:54 PM Start of the test
05/08/2017 01:17:02 PM the selected test from the user is : exampleTestWithRegistration.csv
05/08/2017 01:17:02 PM init the test definition by the test steps sent from the user
05/08/2017 01:17:02 PM  * Running on http://127.0.0.1:5000/ (Press CTRL+C to quit)
05/08/2017 01:17:05 PM sent flask request to engine
05/08/2017 01:17:05 PM ENodeB sent request to engine from server
05/08/2017 01:17:05 PM compare between  requested json to expected json
05/08/2017 01:17:05 PM arrived to nstep starting question answer session with the technician
05/08/2017 01:17:05 PM response in flask OrderedDict([(u'registrationResponse', [OrderedDict([(u'cbsdId', u'1234567890123456789cbsdSerialNumber123'), (u'error', OrderedDict([(u'errorCode', 0)]))])])])
05/08/2017 01:17:05 PM 127.0.0.1 - - [08/May/2017 13:17:05] "POST /cbsd/registration/ HTTP/1.1" 200 -
05/08/2017 01:17:06 PM hey the question is : Please check eNodeB something please choose one of the answers :
05/08/2017 01:17:06 PM x happened
05/08/2017 01:17:06 PM y happened
05/08/2017 01:17:08 PM hey the question is : Please check eNodeB something - secondQuest please choose one of the answers :
05/08/2017 01:17:08 PM x happened
05/08/2017 01:17:08 PM y happened
05/08/2017 01:17:08 PM the additional comments for the current test are : 
05/08/2017 01:17:09 PM selected answer from the user is : v
05/08/2017 01:17:09 PM The final result of the test is : False
05/08/2017 01:17:09 PM the additional comments for the current test are : v
05/08/2017 01:17:09 PM The final result of the test is : [False, 'v']
