05/08/2017 03:26:56 PM Start of the test
05/08/2017 03:27:06 PM the selected test from the user is : exampleTest.csv
05/08/2017 03:27:06 PM init the test definition by the test steps sent from the user
05/08/2017 03:27:06 PM  * Running on http://70.14.0.72:5000/ (Press CTRL+C to quit)
05/08/2017 03:27:51 PM sent flask request to engine
05/08/2017 03:27:51 PM request from eNodeB : OrderedDict([(u'spectrumInquiryRequest', [OrderedDict([(u'cbsdId', u'1234567890123456789cbsdSerialNumber123'), (u'palCredential', [u'type']), (u'inquiredSpectrum', [OrderedDict([(u'lowFrequency', 3550000000L), (u'highFrequency', 3600000000L)])])])])])
05/08/2017 03:27:51 PM ENodeB sent request to engine from server
05/08/2017 03:27:51 PM compare between  requested json to expected json
05/08/2017 03:27:51 PM response in flask OrderedDict([(u'spectrumInquiryResponse', [OrderedDict([(u'cbsdId', u'1234567890123456789cbsdSerialNumber123'), (u'error', OrderedDict([(u'errorCode', 0)])), (u'availableChannel', [OrderedDict([(u'frequencyRange', OrderedDict([(u'lowFrequency', 3550000000L), (u'highFrequency', 3600000000L)])), (u'channelType', u'PAL'), (u'ruleApplied', u'FCC Part 96')])])])])])
05/08/2017 03:27:51 PM 70.14.0.218 - - [08/May/2017 15:27:51] "POST /cbsd/spectrumInquiry/ HTTP/1.1" 200 -
05/08/2017 03:27:51 PM sent flask request to engine
05/08/2017 03:27:51 PM request from eNodeB : OrderedDict([(u'grantRequest', [OrderedDict([(u'cbsdId', u'1234567890123456789cbsdSerialNumber123'), (u'sensingCapability', [u'type']), (u'operationParam', OrderedDict([(u'peakPower', 2986.9897000433602), (u'operationFrequencyRange', OrderedDict([(u'lowFrequency', 3560000000L), (u'highFrequency', 3580000000L)]))]))])])])
05/08/2017 03:27:51 PM ENodeB sent request to engine from server
05/08/2017 03:27:51 PM compare between  requested json to expected json
05/08/2017 03:27:51 PM response in flask OrderedDict([(u'grantResponse', [OrderedDict([(u'cbsdId', u'1234567890123456789cbsdSerialNumber123'), (u'error', OrderedDict([(u'errorCode', 0)])), (u'grantId', u'8385094448610395450'), (u'grantExpireTime', u'2017-05-28T23:20:08Z'), (u'heartbeatDuration', 60.0)])])])
05/08/2017 03:27:51 PM 70.14.0.218 - - [08/May/2017 15:27:51] "POST /cbsd/grant/ HTTP/1.1" 200 -
05/08/2017 03:27:51 PM sent flask request to engine
05/08/2017 03:27:51 PM request from eNodeB : OrderedDict([(u'heartbeatRequest', [OrderedDict([(u'cbsdId', u'1234567890123456789cbsdSerialNumber123'), (u'grantId', u'8385094448610395450'), (u'grantRenew', False), (u'operationState', u'Granted')])])])
05/08/2017 03:27:51 PM ENodeB sent request to engine from server
05/08/2017 03:27:51 PM compare between  requested json to expected json
05/08/2017 03:27:51 PM return heart beat part of json from engine to the eNodeB
05/08/2017 03:27:51 PM response in flask OrderedDict([(u'heartbeatResponse', [OrderedDict([(u'cbsdId', u'1234567890123456789cbsdSerialNumber123'), (u'error', OrderedDict([(u'errorCode', 0)])), (u'grantId', u'8385094448610395450'), (u'operationStatusReq', True), (u'transmitExpireTime', u'2017-05-28T23:20:08Z'), (u'heartbeatDuration', 60.0)])])])
05/08/2017 03:27:51 PM 70.14.0.218 - - [08/May/2017 15:27:51] "POST /cbsd/heartbeat/ HTTP/1.1" 200 -
05/08/2017 03:28:51 PM sent flask request to engine
05/08/2017 03:28:51 PM request from eNodeB : OrderedDict([(u'heartbeatRequest', [OrderedDict([(u'cbsdId', u'1234567890123456789cbsdSerialNumber123'), (u'grantId', u'8385094448610395450'), (u'grantRenew', False), (u'operationState', u'Transmission'), (u'sensingCapability', [u'type']), (u'operationParam', OrderedDict([(u'peakPower', 2986.9897000433602), (u'operationFrequencyRange', OrderedDict([(u'lowFrequency', 3560000000L), (u'highFrequency', 3580000000L)]))]))])])])
05/08/2017 03:28:51 PM ENodeB sent request to engine from server
05/08/2017 03:28:51 PM compare between  requested json to expected json
05/08/2017 03:28:51 PM return heart beat part of json from engine to the eNodeB
05/08/2017 03:28:51 PM response in flask OrderedDict([(u'heartbeatResponse', [OrderedDict([(u'cbsdId', u'1234567890123456789cbsdSerialNumber123'), (u'error', OrderedDict([(u'errorCode', 0)])), (u'grantId', u'8385094448610395450'), (u'operationStatusReq', True), (u'transmitExpireTime', u'2017-05-28T23:20:08Z'), (u'heartbeatDuration', 60.0)])])])
05/08/2017 03:28:51 PM 70.14.0.218 - - [08/May/2017 15:28:51] "POST /cbsd/heartbeat/ HTTP/1.1" 200 -
05/08/2017 03:29:51 PM sent flask request to engine
05/08/2017 03:29:51 PM request from eNodeB : OrderedDict([(u'heartbeatRequest', [OrderedDict([(u'cbsdId', u'1234567890123456789cbsdSerialNumber123'), (u'grantId', u'8385094448610395450'), (u'grantRenew', False), (u'operationState', u'Transmission'), (u'sensingCapability', [u'type']), (u'operationParam', OrderedDict([(u'peakPower', 2986.9897000433602), (u'operationFrequencyRange', OrderedDict([(u'lowFrequency', 3560000000L), (u'highFrequency', 3580000000L)]))]))])])])
05/08/2017 03:29:51 PM ENodeB sent request to engine from server
05/08/2017 03:29:51 PM compare between  requested json to expected json
05/08/2017 03:29:51 PM return heart beat part of json from engine to the eNodeB
05/08/2017 03:29:51 PM response in flask OrderedDict([(u'heartbeatResponse', [OrderedDict([(u'cbsdId', u'1234567890123456789cbsdSerialNumber123'), (u'error', OrderedDict([(u'errorCode', 0)])), (u'grantId', u'8385094448610395450'), (u'operationStatusReq', True), (u'transmitExpireTime', u'2017-05-28T23:20:08Z'), (u'heartbeatDuration', 60.0)])])])
05/08/2017 03:29:51 PM 70.14.0.218 - - [08/May/2017 15:29:51] "POST /cbsd/heartbeat/ HTTP/1.1" 200 -
05/08/2017 03:30:52 PM sent flask request to engine
05/08/2017 03:30:52 PM request from eNodeB : OrderedDict([(u'heartbeatRequest', [OrderedDict([(u'cbsdId', u'1234567890123456789cbsdSerialNumber123'), (u'grantId', u'8385094448610395450'), (u'grantRenew', False), (u'operationState', u'Transmission'), (u'sensingCapability', [u'type']), (u'operationParam', OrderedDict([(u'peakPower', 2986.9897000433602), (u'operationFrequencyRange', OrderedDict([(u'lowFrequency', 3560000000L), (u'highFrequency', 3580000000L)]))]))])])])
05/08/2017 03:30:52 PM ENodeB sent request to engine from server
05/08/2017 03:30:52 PM compare between  requested json to expected json
05/08/2017 03:30:52 PM return heart beat part of json from engine to the eNodeB
05/08/2017 03:30:52 PM response in flask OrderedDict([(u'heartbeatResponse', [OrderedDict([(u'cbsdId', u'1234567890123456789cbsdSerialNumber123'), (u'error', OrderedDict([(u'errorCode', 0)])), (u'grantId', u'8385094448610395450'), (u'operationStatusReq', True), (u'transmitExpireTime', u'2017-05-28T23:20:08Z'), (u'heartbeatDuration', 60.0)])])])
05/08/2017 03:30:52 PM 70.14.0.218 - - [08/May/2017 15:30:52] "POST /cbsd/heartbeat/ HTTP/1.1" 200 -
05/08/2017 03:31:08 PM sent flask request to engine
05/08/2017 03:31:08 PM request from eNodeB : OrderedDict([(u'relinquishmentRequest', [OrderedDict([(u'cbsdId', u'1234567890123456789cbsdSerialNumber123'), (u'grantId', u'8385094448610395450')])])])
05/08/2017 03:31:08 PM ENodeB sent request to engine from server
05/08/2017 03:31:08 PM response in flask An Error occurred while comparing between actual and expected request
05/08/2017 03:31:08 PM 70.14.0.218 - - [08/May/2017 15:31:08] "POST /cbsd/relinquishment/ HTTP/1.1" 302 -
05/08/2017 03:31:08 PM 70.14.0.218 - - [08/May/2017 15:31:08] "POST /shutdown?validationMessage=An+Error+occurred+while+comparing+between+actual+and+expected+request HTTP/1.0" 400 -
05/08/2017 03:31:09 PM Session user will now close
05/08/2017 03:31:10 PM Session user will now close
05/08/2017 03:31:10 PM An Error occurred while comparing between actual and expected request
