05/08/2017 04:27:07 PM Start of the test
05/08/2017 04:27:14 PM the selected test from the user is : exampleTest.csv
05/08/2017 04:27:14 PM init the test definition by the test steps sent from the user
05/08/2017 04:27:14 PM  * Running on http://70.14.0.72:5000/ (Press CTRL+C to quit)
05/08/2017 04:27:24 PM sent flask request to engine
05/08/2017 04:27:24 PM request from eNodeB : OrderedDict([(u'spectrumInquiryRequest', [OrderedDict([(u'cbsdId', u'1234567890123456789cbsdSerialNumber123'), (u'palCredential', [u'type']), (u'inquiredSpectrum', [OrderedDict([(u'lowFrequency', 3550000000L), (u'highFrequency', 3600000000L)])])])])])
05/08/2017 04:27:24 PM ENodeB sent request to engine from server
05/08/2017 04:27:24 PM compare between  requested json to expected json
05/08/2017 04:27:24 PM response in flask OrderedDict([(u'spectrumInquiryResponse', [OrderedDict([(u'cbsdId', u'1234567890123456789cbsdSerialNumber123'), (u'error', OrderedDict([(u'errorCode', 0)])), (u'availableChannel', [OrderedDict([(u'frequencyRange', OrderedDict([(u'lowFrequency', 3550000000L), (u'highFrequency', 3600000000L)])), (u'channelType', u'PAL'), (u'ruleApplied', u'FCC Part 96')])])])])])
05/08/2017 04:27:24 PM 70.14.0.218 - - [08/May/2017 16:27:24] "POST /cbsd/spectrumInquiry/ HTTP/1.1" 200 -
05/08/2017 04:27:24 PM sent flask request to engine
05/08/2017 04:27:24 PM request from eNodeB : OrderedDict([(u'grantRequest', [OrderedDict([(u'cbsdId', u'1234567890123456789cbsdSerialNumber123'), (u'sensingCapability', [u'type']), (u'operationParam', OrderedDict([(u'peakPower', 2986.9897000433602), (u'operationFrequencyRange', OrderedDict([(u'lowFrequency', 3560000000L), (u'highFrequency', 3580000000L)]))]))])])])
05/08/2017 04:27:24 PM ENodeB sent request to engine from server
05/08/2017 04:27:24 PM compare between  requested json to expected json
05/08/2017 04:27:24 PM response in flask OrderedDict([(u'grantResponse', [OrderedDict([(u'cbsdId', u'1234567890123456789cbsdSerialNumber123'), (u'error', OrderedDict([(u'errorCode', 0)])), (u'grantId', u'8385094448610395450'), (u'grantExpireTime', u'2017-05-28T23:20:08Z'), (u'heartbeatDuration', 60.0)])])])
05/08/2017 04:27:24 PM 70.14.0.218 - - [08/May/2017 16:27:24] "POST /cbsd/grant/ HTTP/1.1" 200 -
05/08/2017 04:27:24 PM sent flask request to engine
05/08/2017 04:27:24 PM request from eNodeB : OrderedDict([(u'heartbeatRequest', [OrderedDict([(u'cbsdId', u'1234567890123456789cbsdSerialNumber123'), (u'grantId', u'8385094448610395450'), (u'grantRenew', False), (u'operationState', u'Granted')])])])
05/08/2017 04:27:24 PM ENodeB sent request to engine from server
05/08/2017 04:27:24 PM compare between  requested json to expected json
05/08/2017 04:27:24 PM return heart beat part of json from engine to the eNodeB
05/08/2017 04:27:24 PM response in flask OrderedDict([(u'heartbeatResponse', [OrderedDict([(u'cbsdId', u'1234567890123456789cbsdSerialNumber123'), (u'error', OrderedDict([(u'errorCode', 0)])), (u'grantId', u'8385094448610395450'), (u'operationStatusReq', True), (u'transmitExpireTime', u'2017-05-28T23:20:08Z'), (u'heartbeatDuration', 60.0)])])])
05/08/2017 04:27:24 PM 70.14.0.218 - - [08/May/2017 16:27:24] "POST /cbsd/heartbeat/ HTTP/1.1" 200 -
05/08/2017 04:28:06 PM sent flask request to engine
05/08/2017 04:28:06 PM request from eNodeB : OrderedDict([(u'relinquishmentRequest', [OrderedDict([(u'cbsdId', u'1234567890123456789cbsdSerialNumber123'), (u'grantId', u'8385094448610395450')])])])
05/08/2017 04:28:06 PM ENodeB sent request to engine from server
05/08/2017 04:28:06 PM compare between  requested json to expected json
05/08/2017 04:28:06 PM arrived to nstep starting question answer session with the technician
05/08/2017 04:28:06 PM response in flask OrderedDict([(u'relinquishmentResponse', [OrderedDict([(u'cbsdId', u'1234567890123456789cbsdSerialNumber123'), (u'error', OrderedDict([(u'errorCode', 0)])), (u'grantId', u'8385094448610395450')])])])
05/08/2017 04:28:06 PM 70.14.0.218 - - [08/May/2017 16:28:06] "POST /cbsd/relinquishment/ HTTP/1.1" 200 -
05/08/2017 04:28:08 PM hey the question is : Did csbd UUT stop transmission immidietly after relinquishment response please choose one of the answers :
05/08/2017 04:28:08 PM yes
05/08/2017 04:28:08 PM no
05/08/2017 04:28:10 PM hey the question is : Is cbsd UUT in idle state after relinquishment response please choose one of the answers :
05/08/2017 04:28:10 PM yes
05/08/2017 04:28:10 PM no
05/08/2017 04:28:11 PM the additional comments for the current test are : 
05/08/2017 04:28:12 PM selected answer from the user is : dd
05/08/2017 04:28:12 PM The final result of the test is : False
05/08/2017 04:28:12 PM the additional comments for the current test are : dd
05/08/2017 04:28:12 PM The final result of the test is : [False, 'dd']
05/08/2017 04:28:15 PM the selected test from the user is : quit
