05/08/2017 02:52:10 PM Start of the test
05/08/2017 02:52:12 PM the selected test from the user is : exampleTestWithRegistration.csv
05/08/2017 02:52:12 PM init the test definition by the test steps sent from the user
05/08/2017 02:52:12 PM  * Running on http://127.0.0.1:5000/ (Press CTRL+C to quit)
05/08/2017 02:52:23 PM sent flask request to engine
05/08/2017 02:52:23 PM ENodeB sent request to engine from server
05/08/2017 02:52:23 PM compare between  requested json to expected json
05/08/2017 02:52:23 PM return heart beat part of json from engine to the eNodeB
05/08/2017 02:52:23 PM response in flask OrderedDict([(u'heartbeatResponse', [OrderedDict([(u'cbsdId', u'1234567890123456789cbsdSerialNumber123'), (u'error', OrderedDict([(u'errorCode', 0)])), (u'grantId', u'8385094448610395450'), (u'operationStatusReq', True), (u'transmitExpireTime', u'2017-05-28T23:20:08Z'), (u'heartbeatDuration', 60.0)])])])
05/08/2017 02:52:23 PM 127.0.0.1 - - [08/May/2017 14:52:23] "POST /cbsd/heartbeat/ HTTP/1.1" 200 -
05/08/2017 02:52:26 PM sent flask request to engine
05/08/2017 02:52:26 PM ENodeB sent request to engine from server
05/08/2017 02:52:26 PM compare between  requested json to expected json
05/08/2017 02:52:26 PM return heart beat part of json from engine to the eNodeB
05/08/2017 02:52:26 PM response in flask OrderedDict([(u'heartbeatResponse', [OrderedDict([(u'cbsdId', u'1234567890123456789cbsdSerialNumber123'), (u'error', OrderedDict([(u'errorCode', 0)])), (u'grantId', u'8385094448610395450'), (u'operationStatusReq', True), (u'transmitExpireTime', u'2017-05-28T23:20:08Z'), (u'heartbeatDuration', 60.0)])])])
05/08/2017 02:52:26 PM 127.0.0.1 - - [08/May/2017 14:52:26] "POST /cbsd/heartbeat/ HTTP/1.1" 200 -
05/08/2017 02:52:26 PM sent flask request to engine
05/08/2017 02:52:26 PM ENodeB sent request to engine from server
05/08/2017 02:52:26 PM compare between  requested json to expected json
05/08/2017 02:52:26 PM return heart beat part of json from engine to the eNodeB
05/08/2017 02:52:26 PM response in flask OrderedDict([(u'heartbeatResponse', [OrderedDict([(u'cbsdId', u'1234567890123456789cbsdSerialNumber123'), (u'error', OrderedDict([(u'errorCode', 0)])), (u'grantId', u'8385094448610395450'), (u'operationStatusReq', True), (u'transmitExpireTime', u'2017-05-28T23:20:08Z'), (u'heartbeatDuration', 60.0)])])])
05/08/2017 02:52:26 PM 127.0.0.1 - - [08/May/2017 14:52:26] "POST /cbsd/heartbeat/ HTTP/1.1" 200 -
05/08/2017 02:52:27 PM sent flask request to engine
05/08/2017 02:52:27 PM ENodeB sent request to engine from server
05/08/2017 02:52:27 PM compare between  requested json to expected json
05/08/2017 02:52:27 PM return heart beat part of json from engine to the eNodeB
05/08/2017 02:52:27 PM response in flask OrderedDict([(u'heartbeatResponse', [OrderedDict([(u'cbsdId', u'1234567890123456789cbsdSerialNumber123'), (u'error', OrderedDict([(u'errorCode', 0)])), (u'grantId', u'8385094448610395450'), (u'operationStatusReq', True), (u'transmitExpireTime', u'2017-05-28T23:20:08Z'), (u'heartbeatDuration', 60.0)])])])
05/08/2017 02:52:27 PM 127.0.0.1 - - [08/May/2017 14:52:27] "POST /cbsd/heartbeat/ HTTP/1.1" 200 -
05/08/2017 02:52:28 PM sent flask request to engine
05/08/2017 02:52:28 PM ENodeB sent request to engine from server
05/08/2017 02:52:28 PM compare between  requested json to expected json
05/08/2017 02:52:28 PM return heart beat part of json from engine to the eNodeB
05/08/2017 02:52:28 PM response in flask OrderedDict([(u'heartbeatResponse', [OrderedDict([(u'cbsdId', u'1234567890123456789cbsdSerialNumber123'), (u'error', OrderedDict([(u'errorCode', 0)])), (u'grantId', u'8385094448610395450'), (u'operationStatusReq', True), (u'transmitExpireTime', u'2017-05-28T23:20:08Z'), (u'heartbeatDuration', 60.0)])])])
05/08/2017 02:52:28 PM 127.0.0.1 - - [08/May/2017 14:52:28] "POST /cbsd/heartbeat/ HTTP/1.1" 200 -
05/08/2017 02:52:28 PM sent flask request to engine
05/08/2017 02:52:28 PM ENodeB sent request to engine from server
05/08/2017 02:52:28 PM compare between  requested json to expected json
05/08/2017 02:52:28 PM return heart beat part of json from engine to the eNodeB
05/08/2017 02:52:28 PM response in flask OrderedDict([(u'heartbeatResponse', [OrderedDict([(u'cbsdId', u'1234567890123456789cbsdSerialNumber123'), (u'error', OrderedDict([(u'errorCode', 0)])), (u'grantId', u'8385094448610395450'), (u'operationStatusReq', True), (u'transmitExpireTime', u'2017-05-28T23:20:08Z'), (u'heartbeatDuration', 60.0)])])])
05/08/2017 02:52:28 PM 127.0.0.1 - - [08/May/2017 14:52:28] "POST /cbsd/heartbeat/ HTTP/1.1" 200 -
05/08/2017 02:52:29 PM sent flask request to engine
05/08/2017 02:52:29 PM ENodeB sent request to engine from server
05/08/2017 02:52:29 PM compare between  requested json to expected json
05/08/2017 02:52:29 PM return heart beat part of json from engine to the eNodeB
05/08/2017 02:52:29 PM response in flask OrderedDict([(u'heartbeatResponse', [OrderedDict([(u'cbsdId', u'1234567890123456789cbsdSerialNumber123'), (u'error', OrderedDict([(u'errorCode', 0)])), (u'grantId', u'8385094448610395450'), (u'operationStatusReq', True), (u'transmitExpireTime', u'2017-05-28T23:20:08Z'), (u'heartbeatDuration', 60.0)])])])
05/08/2017 02:52:29 PM 127.0.0.1 - - [08/May/2017 14:52:29] "POST /cbsd/heartbeat/ HTTP/1.1" 200 -
05/08/2017 02:52:29 PM sent flask request to engine
05/08/2017 02:52:29 PM ENodeB sent request to engine from server
05/08/2017 02:52:29 PM compare between  requested json to expected json
05/08/2017 02:52:29 PM return heart beat part of json from engine to the eNodeB
05/08/2017 02:52:29 PM response in flask OrderedDict([(u'heartbeatResponse', [OrderedDict([(u'cbsdId', u'1234567890123456789cbsdSerialNumber123'), (u'error', OrderedDict([(u'errorCode', 0)])), (u'grantId', u'8385094448610395450'), (u'operationStatusReq', True), (u'transmitExpireTime', u'2017-05-28T23:20:08Z'), (u'heartbeatDuration', 60.0)])])])
05/08/2017 02:52:29 PM 127.0.0.1 - - [08/May/2017 14:52:29] "POST /cbsd/heartbeat/ HTTP/1.1" 200 -
05/08/2017 02:52:30 PM sent flask request to engine
05/08/2017 02:52:30 PM ENodeB sent request to engine from server
05/08/2017 02:52:30 PM compare between  requested json to expected json
05/08/2017 02:52:30 PM return heart beat part of json from engine to the eNodeB
05/08/2017 02:52:30 PM response in flask OrderedDict([(u'heartbeatResponse', [OrderedDict([(u'cbsdId', u'1234567890123456789cbsdSerialNumber123'), (u'error', OrderedDict([(u'errorCode', 0)])), (u'grantId', u'8385094448610395450'), (u'operationStatusReq', True), (u'transmitExpireTime', u'2017-05-28T23:20:08Z'), (u'heartbeatDuration', 60.0)])])])
05/08/2017 02:52:30 PM 127.0.0.1 - - [08/May/2017 14:52:30] "POST /cbsd/heartbeat/ HTTP/1.1" 200 -
05/08/2017 02:52:30 PM sent flask request to engine
05/08/2017 02:52:30 PM ENodeB sent request to engine from server
05/08/2017 02:52:30 PM compare between  requested json to expected json
05/08/2017 02:52:30 PM return heart beat part of json from engine to the eNodeB
05/08/2017 02:52:30 PM response in flask OrderedDict([(u'heartbeatResponse', [OrderedDict([(u'cbsdId', u'1234567890123456789cbsdSerialNumber123'), (u'error', OrderedDict([(u'errorCode', 0)])), (u'grantId', u'8385094448610395450'), (u'operationStatusReq', True), (u'transmitExpireTime', u'2017-05-28T23:20:08Z'), (u'heartbeatDuration', 60.0)])])])
05/08/2017 02:52:30 PM 127.0.0.1 - - [08/May/2017 14:52:30] "POST /cbsd/heartbeat/ HTTP/1.1" 200 -
05/08/2017 02:52:31 PM sent flask request to engine
05/08/2017 02:52:31 PM ENodeB sent request to engine from server
05/08/2017 02:52:31 PM compare between  requested json to expected json
05/08/2017 02:52:31 PM return heart beat part of json from engine to the eNodeB
05/08/2017 02:52:31 PM response in flask OrderedDict([(u'heartbeatResponse', [OrderedDict([(u'cbsdId', u'1234567890123456789cbsdSerialNumber123'), (u'error', OrderedDict([(u'errorCode', 0)])), (u'grantId', u'8385094448610395450'), (u'operationStatusReq', True), (u'transmitExpireTime', u'2017-05-28T23:20:08Z'), (u'heartbeatDuration', 60.0)])])])
05/08/2017 02:52:31 PM 127.0.0.1 - - [08/May/2017 14:52:31] "POST /cbsd/heartbeat/ HTTP/1.1" 200 -
05/08/2017 02:52:32 PM sent flask request to engine
05/08/2017 02:52:32 PM ENodeB sent request to engine from server
05/08/2017 02:52:32 PM compare between  requested json to expected json
05/08/2017 02:52:32 PM return heart beat part of json from engine to the eNodeB
05/08/2017 02:52:32 PM response in flask OrderedDict([(u'heartbeatResponse', [OrderedDict([(u'cbsdId', u'1234567890123456789cbsdSerialNumber123'), (u'error', OrderedDict([(u'errorCode', 0)])), (u'grantId', u'8385094448610395450'), (u'operationStatusReq', True), (u'transmitExpireTime', u'2017-05-28T23:20:08Z'), (u'heartbeatDuration', 60.0)])])])
05/08/2017 02:52:32 PM 127.0.0.1 - - [08/May/2017 14:52:32] "POST /cbsd/heartbeat/ HTTP/1.1" 200 -
05/08/2017 02:52:32 PM sent flask request to engine
05/08/2017 02:52:32 PM ENodeB sent request to engine from server
05/08/2017 02:52:32 PM compare between  requested json to expected json
05/08/2017 02:52:32 PM return heart beat part of json from engine to the eNodeB
05/08/2017 02:52:32 PM response in flask OrderedDict([(u'heartbeatResponse', [OrderedDict([(u'cbsdId', u'1234567890123456789cbsdSerialNumber123'), (u'error', OrderedDict([(u'errorCode', 0)])), (u'grantId', u'8385094448610395450'), (u'operationStatusReq', True), (u'transmitExpireTime', u'2017-05-28T23:20:08Z'), (u'heartbeatDuration', 60.0)])])])
05/08/2017 02:52:32 PM 127.0.0.1 - - [08/May/2017 14:52:32] "POST /cbsd/heartbeat/ HTTP/1.1" 200 -
05/08/2017 02:52:33 PM sent flask request to engine
05/08/2017 02:52:33 PM ENodeB sent request to engine from server
05/08/2017 02:52:33 PM compare between  requested json to expected json
05/08/2017 02:52:33 PM return heart beat part of json from engine to the eNodeB
05/08/2017 02:52:33 PM response in flask OrderedDict([(u'heartbeatResponse', [OrderedDict([(u'cbsdId', u'1234567890123456789cbsdSerialNumber123'), (u'error', OrderedDict([(u'errorCode', 0)])), (u'grantId', u'8385094448610395450'), (u'operationStatusReq', True), (u'transmitExpireTime', u'2017-05-28T23:20:08Z'), (u'heartbeatDuration', 60.0)])])])
05/08/2017 02:52:33 PM 127.0.0.1 - - [08/May/2017 14:52:33] "POST /cbsd/heartbeat/ HTTP/1.1" 200 -
05/08/2017 02:52:33 PM sent flask request to engine
05/08/2017 02:52:33 PM ENodeB sent request to engine from server
05/08/2017 02:52:33 PM compare between  requested json to expected json
05/08/2017 02:52:33 PM return heart beat part of json from engine to the eNodeB
05/08/2017 02:52:33 PM response in flask OrderedDict([(u'heartbeatResponse', [OrderedDict([(u'cbsdId', u'1234567890123456789cbsdSerialNumber123'), (u'error', OrderedDict([(u'errorCode', 0)])), (u'grantId', u'8385094448610395450'), (u'operationStatusReq', True), (u'transmitExpireTime', u'2017-05-28T23:20:08Z'), (u'heartbeatDuration', 60.0)])])])
05/08/2017 02:52:33 PM 127.0.0.1 - - [08/May/2017 14:52:33] "POST /cbsd/heartbeat/ HTTP/1.1" 200 -
05/08/2017 02:52:33 PM sent flask request to engine
05/08/2017 02:52:33 PM ENodeB sent request to engine from server
05/08/2017 02:52:33 PM compare between  requested json to expected json
05/08/2017 02:52:33 PM return heart beat part of json from engine to the eNodeB
05/08/2017 02:52:33 PM response in flask OrderedDict([(u'heartbeatResponse', [OrderedDict([(u'cbsdId', u'1234567890123456789cbsdSerialNumber123'), (u'error', OrderedDict([(u'errorCode', 0)])), (u'grantId', u'8385094448610395450'), (u'operationStatusReq', True), (u'transmitExpireTime', u'2017-05-28T23:20:08Z'), (u'heartbeatDuration', 60.0)])])])
05/08/2017 02:52:33 PM 127.0.0.1 - - [08/May/2017 14:52:33] "POST /cbsd/heartbeat/ HTTP/1.1" 200 -
05/08/2017 02:52:34 PM sent flask request to engine
05/08/2017 02:52:34 PM ENodeB sent request to engine from server
05/08/2017 02:52:34 PM compare between  requested json to expected json
05/08/2017 02:52:34 PM return heart beat part of json from engine to the eNodeB
05/08/2017 02:52:34 PM response in flask OrderedDict([(u'heartbeatResponse', [OrderedDict([(u'cbsdId', u'1234567890123456789cbsdSerialNumber123'), (u'error', OrderedDict([(u'errorCode', 0)])), (u'grantId', u'8385094448610395450'), (u'operationStatusReq', True), (u'transmitExpireTime', u'2017-05-28T23:20:08Z'), (u'heartbeatDuration', 60.0)])])])
05/08/2017 02:52:34 PM 127.0.0.1 - - [08/May/2017 14:52:34] "POST /cbsd/heartbeat/ HTTP/1.1" 200 -
05/08/2017 02:52:34 PM sent flask request to engine
05/08/2017 02:52:34 PM ENodeB sent request to engine from server
05/08/2017 02:52:34 PM compare between  requested json to expected json
05/08/2017 02:52:34 PM return heart beat part of json from engine to the eNodeB
05/08/2017 02:52:34 PM response in flask OrderedDict([(u'heartbeatResponse', [OrderedDict([(u'cbsdId', u'1234567890123456789cbsdSerialNumber123'), (u'error', OrderedDict([(u'errorCode', 0)])), (u'grantId', u'8385094448610395450'), (u'operationStatusReq', True), (u'transmitExpireTime', u'2017-05-28T23:20:08Z'), (u'heartbeatDuration', 60.0)])])])
05/08/2017 02:52:34 PM 127.0.0.1 - - [08/May/2017 14:52:34] "POST /cbsd/heartbeat/ HTTP/1.1" 200 -
05/08/2017 02:52:34 PM sent flask request to engine
05/08/2017 02:52:34 PM ENodeB sent request to engine from server
05/08/2017 02:52:34 PM compare between  requested json to expected json
05/08/2017 02:52:34 PM return heart beat part of json from engine to the eNodeB
05/08/2017 02:52:34 PM response in flask OrderedDict([(u'heartbeatResponse', [OrderedDict([(u'cbsdId', u'1234567890123456789cbsdSerialNumber123'), (u'error', OrderedDict([(u'errorCode', 0)])), (u'grantId', u'8385094448610395450'), (u'operationStatusReq', True), (u'transmitExpireTime', u'2017-05-28T23:20:08Z'), (u'heartbeatDuration', 60.0)])])])
05/08/2017 02:52:34 PM 127.0.0.1 - - [08/May/2017 14:52:34] "POST /cbsd/heartbeat/ HTTP/1.1" 200 -
05/08/2017 02:52:35 PM sent flask request to engine
05/08/2017 02:52:35 PM ENodeB sent request to engine from server
05/08/2017 02:52:35 PM compare between  requested json to expected json
05/08/2017 02:52:35 PM return heart beat part of json from engine to the eNodeB
05/08/2017 02:52:35 PM response in flask OrderedDict([(u'heartbeatResponse', [OrderedDict([(u'cbsdId', u'1234567890123456789cbsdSerialNumber123'), (u'error', OrderedDict([(u'errorCode', 0)])), (u'grantId', u'8385094448610395450'), (u'operationStatusReq', True), (u'transmitExpireTime', u'2017-05-28T23:20:08Z'), (u'heartbeatDuration', 60.0)])])])
05/08/2017 02:52:35 PM 127.0.0.1 - - [08/May/2017 14:52:35] "POST /cbsd/heartbeat/ HTTP/1.1" 200 -
05/08/2017 02:52:35 PM sent flask request to engine
05/08/2017 02:52:35 PM ENodeB sent request to engine from server
05/08/2017 02:52:35 PM compare between  requested json to expected json
05/08/2017 02:52:35 PM return heart beat part of json from engine to the eNodeB
05/08/2017 02:52:35 PM response in flask OrderedDict([(u'heartbeatResponse', [OrderedDict([(u'cbsdId', u'1234567890123456789cbsdSerialNumber123'), (u'error', OrderedDict([(u'errorCode', 0)])), (u'grantId', u'8385094448610395450'), (u'operationStatusReq', True), (u'transmitExpireTime', u'2017-05-28T23:20:08Z'), (u'heartbeatDuration', 60.0)])])])
05/08/2017 02:52:35 PM 127.0.0.1 - - [08/May/2017 14:52:35] "POST /cbsd/heartbeat/ HTTP/1.1" 200 -
05/08/2017 02:52:36 PM sent flask request to engine
05/08/2017 02:52:36 PM ENodeB sent request to engine from server
05/08/2017 02:52:36 PM compare between  requested json to expected json
05/08/2017 02:52:36 PM return heart beat part of json from engine to the eNodeB
05/08/2017 02:52:36 PM response in flask OrderedDict([(u'heartbeatResponse', [OrderedDict([(u'cbsdId', u'1234567890123456789cbsdSerialNumber123'), (u'error', OrderedDict([(u'errorCode', 0)])), (u'grantId', u'8385094448610395450'), (u'operationStatusReq', True), (u'transmitExpireTime', u'2017-05-28T23:20:08Z'), (u'heartbeatDuration', 60.0)])])])
05/08/2017 02:52:36 PM 127.0.0.1 - - [08/May/2017 14:52:36] "POST /cbsd/heartbeat/ HTTP/1.1" 200 -
05/08/2017 02:52:36 PM sent flask request to engine
05/08/2017 02:52:36 PM ENodeB sent request to engine from server
05/08/2017 02:52:36 PM compare between  requested json to expected json
05/08/2017 02:52:36 PM return heart beat part of json from engine to the eNodeB
05/08/2017 02:52:36 PM response in flask OrderedDict([(u'heartbeatResponse', [OrderedDict([(u'cbsdId', u'1234567890123456789cbsdSerialNumber123'), (u'error', OrderedDict([(u'errorCode', 0)])), (u'grantId', u'8385094448610395450'), (u'operationStatusReq', True), (u'transmitExpireTime', u'2017-05-28T23:20:08Z'), (u'heartbeatDuration', 60.0)])])])
05/08/2017 02:52:36 PM 127.0.0.1 - - [08/May/2017 14:52:36] "POST /cbsd/heartbeat/ HTTP/1.1" 200 -
05/08/2017 02:52:37 PM sent flask request to engine
05/08/2017 02:52:37 PM ENodeB sent request to engine from server
05/08/2017 02:52:37 PM compare between  requested json to expected json
05/08/2017 02:52:37 PM return heart beat part of json from engine to the eNodeB
05/08/2017 02:52:37 PM response in flask OrderedDict([(u'heartbeatResponse', [OrderedDict([(u'cbsdId', u'1234567890123456789cbsdSerialNumber123'), (u'error', OrderedDict([(u'errorCode', 0)])), (u'grantId', u'8385094448610395450'), (u'operationStatusReq', True), (u'transmitExpireTime', u'2017-05-28T23:20:08Z'), (u'heartbeatDuration', 60.0)])])])
05/08/2017 02:52:37 PM 127.0.0.1 - - [08/May/2017 14:52:37] "POST /cbsd/heartbeat/ HTTP/1.1" 200 -
05/08/2017 02:52:37 PM sent flask request to engine
05/08/2017 02:52:37 PM ENodeB sent request to engine from server
05/08/2017 02:52:37 PM compare between  requested json to expected json
05/08/2017 02:52:37 PM return heart beat part of json from engine to the eNodeB
05/08/2017 02:52:37 PM response in flask OrderedDict([(u'heartbeatResponse', [OrderedDict([(u'cbsdId', u'1234567890123456789cbsdSerialNumber123'), (u'error', OrderedDict([(u'errorCode', 0)])), (u'grantId', u'8385094448610395450'), (u'operationStatusReq', True), (u'transmitExpireTime', u'2017-05-28T23:20:08Z'), (u'heartbeatDuration', 60.0)])])])
05/08/2017 02:52:37 PM 127.0.0.1 - - [08/May/2017 14:52:37] "POST /cbsd/heartbeat/ HTTP/1.1" 200 -
05/08/2017 02:52:38 PM sent flask request to engine
05/08/2017 02:52:38 PM ENodeB sent request to engine from server
05/08/2017 02:52:38 PM compare between  requested json to expected json
05/08/2017 02:52:38 PM return heart beat part of json from engine to the eNodeB
05/08/2017 02:52:38 PM response in flask OrderedDict([(u'heartbeatResponse', [OrderedDict([(u'cbsdId', u'1234567890123456789cbsdSerialNumber123'), (u'error', OrderedDict([(u'errorCode', 0)])), (u'grantId', u'8385094448610395450'), (u'operationStatusReq', True), (u'transmitExpireTime', u'2017-05-28T23:20:08Z'), (u'heartbeatDuration', 60.0)])])])
05/08/2017 02:52:38 PM 127.0.0.1 - - [08/May/2017 14:52:38] "POST /cbsd/heartbeat/ HTTP/1.1" 200 -
05/08/2017 02:52:39 PM sent flask request to engine
05/08/2017 02:52:39 PM ENodeB sent request to engine from server
05/08/2017 02:52:39 PM compare between  requested json to expected json
05/08/2017 02:52:39 PM return heart beat part of json from engine to the eNodeB
05/08/2017 02:52:39 PM response in flask OrderedDict([(u'heartbeatResponse', [OrderedDict([(u'cbsdId', u'1234567890123456789cbsdSerialNumber123'), (u'error', OrderedDict([(u'errorCode', 0)])), (u'grantId', u'8385094448610395450'), (u'operationStatusReq', True), (u'transmitExpireTime', u'2017-05-28T23:20:08Z'), (u'heartbeatDuration', 60.0)])])])
05/08/2017 02:52:39 PM 127.0.0.1 - - [08/May/2017 14:52:39] "POST /cbsd/heartbeat/ HTTP/1.1" 200 -
05/08/2017 02:52:39 PM sent flask request to engine
05/08/2017 02:52:39 PM ENodeB sent request to engine from server
05/08/2017 02:52:39 PM compare between  requested json to expected json
05/08/2017 02:52:39 PM return heart beat part of json from engine to the eNodeB
05/08/2017 02:52:39 PM response in flask OrderedDict([(u'heartbeatResponse', [OrderedDict([(u'cbsdId', u'1234567890123456789cbsdSerialNumber123'), (u'error', OrderedDict([(u'errorCode', 0)])), (u'grantId', u'8385094448610395450'), (u'operationStatusReq', True), (u'transmitExpireTime', u'2017-05-28T23:20:08Z'), (u'heartbeatDuration', 60.0)])])])
05/08/2017 02:52:39 PM 127.0.0.1 - - [08/May/2017 14:52:39] "POST /cbsd/heartbeat/ HTTP/1.1" 200 -
05/08/2017 02:52:40 PM sent flask request to engine
05/08/2017 02:52:40 PM ENodeB sent request to engine from server
05/08/2017 02:52:40 PM compare between  requested json to expected json
05/08/2017 02:52:40 PM return heart beat part of json from engine to the eNodeB
05/08/2017 02:52:40 PM response in flask OrderedDict([(u'heartbeatResponse', [OrderedDict([(u'cbsdId', u'1234567890123456789cbsdSerialNumber123'), (u'error', OrderedDict([(u'errorCode', 0)])), (u'grantId', u'8385094448610395450'), (u'operationStatusReq', True), (u'transmitExpireTime', u'2017-05-28T23:20:08Z'), (u'heartbeatDuration', 60.0)])])])
05/08/2017 02:52:40 PM 127.0.0.1 - - [08/May/2017 14:52:40] "POST /cbsd/heartbeat/ HTTP/1.1" 200 -
05/08/2017 02:52:42 PM sent flask request to engine
05/08/2017 02:52:42 PM ENodeB sent request to engine from server
05/08/2017 02:52:42 PM compare between  requested json to expected json
05/08/2017 02:52:42 PM return heart beat part of json from engine to the eNodeB
05/08/2017 02:52:42 PM response in flask OrderedDict([(u'heartbeatResponse', [OrderedDict([(u'cbsdId', u'1234567890123456789cbsdSerialNumber123'), (u'error', OrderedDict([(u'errorCode', 0)])), (u'grantId', u'8385094448610395450'), (u'operationStatusReq', True), (u'transmitExpireTime', u'2017-05-28T23:20:08Z'), (u'heartbeatDuration', 60.0)])])])
05/08/2017 02:52:42 PM 127.0.0.1 - - [08/May/2017 14:52:42] "POST /cbsd/heartbeat/ HTTP/1.1" 200 -
05/08/2017 02:52:57 PM sent flask request to engine
05/08/2017 02:52:57 PM ENodeB sent request to engine from server
05/08/2017 02:52:57 PM response in flask An Error occurred while comparing between actual and expected request
05/08/2017 02:52:57 PM 127.0.0.1 - - [08/May/2017 14:52:57] "POST /cbsd/heartbeat/ HTTP/1.1" 302 -
05/08/2017 02:52:58 PM 127.0.0.1 - - [08/May/2017 14:52:58] "GET /shutdown?validationMessage=An+Error+occurred+while+comparing+between+actual+and+expected+request HTTP/1.1" 400 -
05/08/2017 02:52:58 PM Session user will now close
05/08/2017 02:52:58 PM Session user will now close
05/08/2017 02:52:58 PM An Error occurred while comparing between actual and expected request
