05/08/2017 02:17:32 PM Start of the test
05/08/2017 02:17:35 PM the selected test from the user is : exampleTestWithRegistration.csv
05/08/2017 02:17:35 PM init the test definition by the test steps sent from the user
05/08/2017 02:17:35 PM  * Running on http://127.0.0.1:5000/ (Press CTRL+C to quit)
05/08/2017 02:17:37 PM sent flask request to engine
05/08/2017 02:17:37 PM ENodeB sent request to engine from server
05/08/2017 02:17:37 PM compare between  requested json to expected json
05/08/2017 02:17:37 PM arrived to nstep starting question answer session with the technician
05/08/2017 02:17:37 PM response in flask OrderedDict([(u'registrationResponse', [OrderedDict([(u'cbsdId', u'1234567890123456789cbsdSerialNumber123'), (u'error', OrderedDict([(u'errorCode', 0)]))])])])
05/08/2017 02:17:37 PM 127.0.0.1 - - [08/May/2017 14:17:37] "POST /cbsd/registration/ HTTP/1.1" 200 -
05/08/2017 02:17:39 PM hey the question is : Please check eNodeB something please choose one of the answers :
05/08/2017 02:17:39 PM x happened
05/08/2017 02:17:39 PM y happened
05/08/2017 02:17:41 PM hey the question is : Please check eNodeB something - secondQuest please choose one of the answers :
05/08/2017 02:17:41 PM x happened
05/08/2017 02:17:41 PM y happened
05/08/2017 02:17:42 PM the additional comments for the current test are : 
05/08/2017 02:17:43 PM selected answer from the user is : ss
05/08/2017 02:17:43 PM The final result of the test is : False
05/08/2017 02:17:43 PM the additional comments for the current test are : ss
05/08/2017 02:17:43 PM The final result of the test is : [False, 'ss']
05/08/2017 02:17:49 PM the selected test from the user is : exampleTestWithRegistration.csv
05/08/2017 02:17:49 PM init the test definition by the test steps sent from the user
05/08/2017 02:17:49 PM  * Running on http://127.0.0.1:5000/ (Press CTRL+C to quit)
05/08/2017 02:17:53 PM sent flask request to engine
05/08/2017 02:17:53 PM ENodeB sent request to engine from server
05/08/2017 02:17:53 PM compare between  requested json to expected json
05/08/2017 02:17:53 PM arrived to nstep starting question answer session with the technician
05/08/2017 02:17:53 PM response in flask OrderedDict([(u'registrationResponse', [OrderedDict([(u'cbsdId', u'1234567890123456789cbsdSerialNumber123'), (u'error', OrderedDict([(u'errorCode', 0)]))])])])
05/08/2017 02:17:53 PM 127.0.0.1 - - [08/May/2017 14:17:53] "POST /cbsd/registration/ HTTP/1.1" 200 -
05/08/2017 02:17:53 PM hey the question is : Please check eNodeB something please choose one of the answers :
05/08/2017 02:17:53 PM x happened
05/08/2017 02:17:53 PM y happened
05/08/2017 02:17:56 PM hey the question is : Please check eNodeB something - secondQuest please choose one of the answers :
05/08/2017 02:17:56 PM x happened
05/08/2017 02:17:56 PM y happened
05/08/2017 02:17:56 PM the additional comments for the current test are : 
05/08/2017 02:17:58 PM selected answer from the user is : sd
05/08/2017 02:17:58 PM The final result of the test is : False
05/08/2017 02:17:58 PM the additional comments for the current test are : sd
05/08/2017 02:17:58 PM The final result of the test is : [False, 'sd']
05/08/2017 02:18:00 PM the selected test from the user is : quit
05/08/2017 02:18:18 PM sent flask request to engine
05/08/2017 02:18:18 PM 127.0.0.1 - - [08/May/2017 14:18:18] "POST /cbsd/registration/ HTTP/1.1" 302 -
05/08/2017 02:18:18 PM 127.0.0.1 - - [08/May/2017 14:18:18] "GET /shutdown?validationMessage=+all+the+steps+of+the+test+had+been+finished+see+final+results+at+the+console HTTP/1.1" 200 -
05/08/2017 02:18:19 PM init the test definition by the test steps sent from the user
05/08/2017 02:18:19 PM  * Running on http://127.0.0.1:5000/ (Press CTRL+C to quit)
