05/08/2017 02:19:01 PM Start of the test
05/08/2017 02:19:03 PM the selected test from the user is : exampleTestWithRegistration.csv
05/08/2017 02:19:03 PM init the test definition by the test steps sent from the user
05/08/2017 02:19:03 PM  * Running on http://127.0.0.1:5000/ (Press CTRL+C to quit)
05/08/2017 02:19:07 PM sent flask request to engine
05/08/2017 02:19:07 PM ENodeB sent request to engine from server
05/08/2017 02:19:07 PM compare between  requested json to expected json
05/08/2017 02:19:07 PM arrived to nstep starting question answer session with the technician
05/08/2017 02:19:07 PM response in flask OrderedDict([(u'registrationResponse', [OrderedDict([(u'cbsdId', u'1234567890123456789cbsdSerialNumber123'), (u'error', OrderedDict([(u'errorCode', 0)]))])])])
05/08/2017 02:19:07 PM 127.0.0.1 - - [08/May/2017 14:19:07] "POST /cbsd/registration/ HTTP/1.1" 200 -
05/08/2017 02:19:07 PM hey the question is : Please check eNodeB something please choose one of the answers :
05/08/2017 02:19:07 PM x happened
05/08/2017 02:19:07 PM y happened
05/08/2017 02:19:10 PM hey the question is : Please check eNodeB something - secondQuest please choose one of the answers :
05/08/2017 02:19:10 PM x happened
05/08/2017 02:19:10 PM y happened
05/08/2017 02:19:10 PM the additional comments for the current test are : 
05/08/2017 02:19:11 PM selected answer from the user is : d
05/08/2017 02:19:11 PM The final result of the test is : False
05/08/2017 02:19:11 PM the additional comments for the current test are : d
05/08/2017 02:19:11 PM The final result of the test is : [False, 'd']
05/08/2017 02:19:13 PM the selected test from the user is : exampleTestWithRegistration.csv
05/08/2017 02:19:13 PM init the test definition by the test steps sent from the user
05/08/2017 02:19:13 PM  * Running on http://127.0.0.1:5000/ (Press CTRL+C to quit)
05/08/2017 02:19:16 PM sent flask request to engine
05/08/2017 02:19:16 PM ENodeB sent request to engine from server
05/08/2017 02:19:16 PM compare between  requested json to expected json
05/08/2017 02:19:16 PM arrived to nstep starting question answer session with the technician
05/08/2017 02:19:16 PM response in flask OrderedDict([(u'registrationResponse', [OrderedDict([(u'cbsdId', u'1234567890123456789cbsdSerialNumber123'), (u'error', OrderedDict([(u'errorCode', 0)]))])])])
05/08/2017 02:19:16 PM 127.0.0.1 - - [08/May/2017 14:19:16] "POST /cbsd/registration/ HTTP/1.1" 200 -
05/08/2017 02:19:17 PM hey the question is : Please check eNodeB something please choose one of the answers :
05/08/2017 02:19:17 PM x happened
05/08/2017 02:19:17 PM y happened
05/08/2017 02:19:19 PM hey the question is : Please check eNodeB something - secondQuest please choose one of the answers :
05/08/2017 02:19:19 PM x happened
05/08/2017 02:19:19 PM y happened
05/08/2017 02:19:20 PM the additional comments for the current test are : 
05/08/2017 02:19:22 PM selected answer from the user is : ss
05/08/2017 02:19:22 PM The final result of the test is : False
05/08/2017 02:19:22 PM the additional comments for the current test are : ss
05/08/2017 02:19:22 PM The final result of the test is : [False, 'ss']
05/08/2017 02:19:25 PM the selected test from the user is : quit
05/08/2017 02:19:30 PM sent flask request to engine
05/08/2017 02:19:30 PM 127.0.0.1 - - [08/May/2017 14:19:30] "POST /cbsd/registration/ HTTP/1.1" 302 -
05/08/2017 02:19:30 PM 127.0.0.1 - - [08/May/2017 14:19:30] "GET /shutdown?validationMessage=+all+the+steps+of+the+test+had+been+finished+see+final+results+at+the+console HTTP/1.1" 200 -
