05/08/2017 01:24:27 PM Start of the test
05/08/2017 01:24:29 PM the selected test from the user is : exampleTestWithRegistration.csv
05/08/2017 01:24:29 PM init the test definition by the test steps sent from the user
05/08/2017 01:24:29 PM  * Running on http://127.0.0.1:5000/ (Press CTRL+C to quit)
05/08/2017 01:24:34 PM sent flask request to engine
05/08/2017 01:24:34 PM ENodeB sent request to engine from server
05/08/2017 01:24:34 PM compare between  requested json to expected json
05/08/2017 01:24:34 PM arrived to nstep starting question answer session with the technician
05/08/2017 01:24:34 PM response in flask OrderedDict([(u'registrationResponse', [OrderedDict([(u'cbsdId', u'1234567890123456789cbsdSerialNumber123'), (u'error', OrderedDict([(u'errorCode', 0)]))])])])
05/08/2017 01:24:34 PM 127.0.0.1 - - [08/May/2017 13:24:34] "POST /cbsd/registration/ HTTP/1.1" 200 -
05/08/2017 01:24:35 PM hey the question is : Please check eNodeB something please choose one of the answers :
05/08/2017 01:24:35 PM x happened
05/08/2017 01:24:35 PM y happened
05/08/2017 01:24:40 PM hey the question is : Please check eNodeB something - secondQuest please choose one of the answers :
05/08/2017 01:24:40 PM x happened
05/08/2017 01:24:40 PM y happened
05/08/2017 01:24:41 PM the additional comments for the current test are : 
05/08/2017 01:24:41 PM selected answer from the user is : d
05/08/2017 01:24:41 PM The final result of the test is : False
05/08/2017 01:24:41 PM the additional comments for the current test are : d
05/08/2017 01:24:41 PM The final result of the test is : [False, 'd']
05/08/2017 02:01:45 PM sent flask request to engine
05/08/2017 02:01:45 PM 127.0.0.1 - - [08/May/2017 14:01:45] "POST /cbsd/registration/ HTTP/1.1" 302 -
05/08/2017 02:01:45 PM 127.0.0.1 - - [08/May/2017 14:01:45] "GET /shutdown?validationMessage=+all+the+steps+of+the+test+had+been+finished+see+final+results+at+the+console HTTP/1.1" 200 -
05/08/2017 02:01:46 PM init the test definition by the test steps sent from the user
05/08/2017 02:01:46 PM  * Running on http://127.0.0.1:5000/ (Press CTRL+C to quit)
