05/08/2017 01:18:17 PM Start of the test
05/08/2017 01:18:19 PM the selected test from the user is : exampleTestWithRegistration.csv
05/08/2017 01:18:19 PM init the test definition by the test steps sent from the user
05/08/2017 01:18:19 PM  * Running on http://127.0.0.1:5000/ (Press CTRL+C to quit)
05/08/2017 01:18:24 PM sent flask request to engine
05/08/2017 01:18:24 PM ENodeB sent request to engine from server
05/08/2017 01:18:24 PM compare between  requested json to expected json
05/08/2017 01:18:24 PM arrived to nstep starting question answer session with the technician
05/08/2017 01:18:24 PM response in flask OrderedDict([(u'registrationResponse', [OrderedDict([(u'cbsdId', u'1234567890123456789cbsdSerialNumber123'), (u'error', OrderedDict([(u'errorCode', 0)]))])])])
05/08/2017 01:18:24 PM 127.0.0.1 - - [08/May/2017 13:18:24] "POST /cbsd/registration/ HTTP/1.1" 200 -
05/08/2017 01:18:25 PM hey the question is : Please check eNodeB something please choose one of the answers :
05/08/2017 01:18:25 PM x happened
05/08/2017 01:18:25 PM y happened
05/08/2017 01:18:27 PM hey the question is : Please check eNodeB something - secondQuest please choose one of the answers :
05/08/2017 01:18:27 PM x happened
05/08/2017 01:18:27 PM y happened
05/08/2017 01:18:28 PM the additional comments for the current test are : 
05/08/2017 01:18:29 PM selected answer from the user is : f
05/08/2017 01:18:29 PM The final result of the test is : False
05/08/2017 01:18:29 PM the additional comments for the current test are : f
05/08/2017 01:18:29 PM The final result of the test is : [False, 'f']
